{"/home/mudit.rajput/AfterTraining/examination-server/dist/config/configuration.js":{"path":"/home/mudit.rajput/AfterTraining/examination-server/dist/config/configuration.js","statementMap":{"0":{"start":{"line":2,"column":0},"end":{"line":2,"column":62}},"1":{"start":{"line":3,"column":15},"end":{"line":3,"column":32}},"2":{"start":{"line":4,"column":16},"end":{"line":4,"column":38}},"3":{"start":{"line":5,"column":15},"end":{"line":10,"column":1}},"4":{"start":{"line":11,"column":0},"end":{"line":11,"column":22}},"5":{"start":{"line":12,"column":0},"end":{"line":12,"column":25}}},"fnMap":{},"branchMap":{},"s":{"0":0,"1":0,"2":0,"3":0,"4":0,"5":0},"f":{},"b":{},"inputSourceMap":{"version":3,"file":"configuration.js","sourceRoot":"","sources":["../../src/config/configuration.ts"],"names":[],"mappings":";;AAAA,iCAAiC;AAEjC,MAAM,OAAO,GAAG,MAAM,CAAC,MAAM,EAAE,CAAC,MAAM,CAAC;AACvC,MAAM,MAAM,GAAY;IACpB,IAAI,EAAE,OAAO,CAAC,IAAI;IAClB,OAAO,EAAE,OAAO,CAAC,QAAQ;IACzB,SAAS,EAAE,OAAO,CAAC,UAAU;IAC7B,QAAQ,EAAE,OAAO,CAAC,SAAS;CAC9B,CAAC;AACF,MAAM,CAAC,MAAM,CAAC,MAAM,CAAC,CAAC;AACtB,kBAAe,MAAM,CAAC"},"all":true},"/home/mudit.rajput/AfterTraining/examination-server/dist/config/Iconfig.js":{"path":"/home/mudit.rajput/AfterTraining/examination-server/dist/config/Iconfig.js","statementMap":{},"fnMap":{},"branchMap":{},"s":{},"f":{},"b":{},"inputSourceMap":{"version":3,"file":"Iconfig.js","sourceRoot":"","sources":["../../src/config/Iconfig.ts"],"names":[],"mappings":""},"all":true},"/home/mudit.rajput/AfterTraining/examination-server/dist/config/index.js":{"path":"/home/mudit.rajput/AfterTraining/examination-server/dist/config/index.js","statementMap":{"0":{"start":{"line":2,"column":0},"end":{"line":2,"column":62}},"1":{"start":{"line":3,"column":0},"end":{"line":3,"column":24}},"2":{"start":{"line":4,"column":22},"end":{"line":4,"column":48}},"3":{"start":{"line":5,"column":0},"end":{"line":5,"column":117}},"4":{"start":{"line":5,"column":80},"end":{"line":5,"column":111}}},"fnMap":{"0":{"name":"(anonymous_0)","decl":{"start":{"line":5,"column":66},"end":{"line":5,"column":67}},"loc":{"start":{"line":5,"column":78},"end":{"line":5,"column":113}},"line":5}},"branchMap":{},"s":{"0":0,"1":0,"2":0,"3":0,"4":0},"f":{"0":0},"b":{},"inputSourceMap":{"version":3,"file":"index.js","sourceRoot":"","sources":["../../src/config/index.ts"],"names":[],"mappings":";;;AAAA,iDAAoD;AAA3C,uGAAA,OAAO,OAAU"},"all":true},"/home/mudit.rajput/AfterTraining/examination-server/dist/controllers/examination/controller.js":{"path":"/home/mudit.rajput/AfterTraining/examination-server/dist/controllers/examination/controller.js","statementMap":{"0":{"start":{"line":2,"column":16},"end":{"line":10,"column":1}},"1":{"start":{"line":3,"column":28},"end":{"line":3,"column":110}},"2":{"start":{"line":3,"column":91},"end":{"line":3,"column":106}},"3":{"start":{"line":4,"column":4},"end":{"line":9,"column":7}},"4":{"start":{"line":5,"column":36},"end":{"line":5,"column":97}},"5":{"start":{"line":5,"column":42},"end":{"line":5,"column":70}},"6":{"start":{"line":5,"column":85},"end":{"line":5,"column":95}},"7":{"start":{"line":6,"column":35},"end":{"line":6,"column":100}},"8":{"start":{"line":6,"column":41},"end":{"line":6,"column":73}},"9":{"start":{"line":6,"column":88},"end":{"line":6,"column":98}},"10":{"start":{"line":7,"column":32},"end":{"line":7,"column":116}},"11":{"start":{"line":8,"column":8},"end":{"line":8,"column":78}},"12":{"start":{"line":11,"column":0},"end":{"line":11,"column":62}},"13":{"start":{"line":12,"column":32},"end":{"line":12,"column":95}},"14":{"start":{"line":13,"column":29},"end":{"line":13,"column":87}},"15":{"start":{"line":16,"column":8},"end":{"line":49,"column":11}},"16":{"start":{"line":16,"column":39},"end":{"line":49,"column":10}},"17":{"start":{"line":17,"column":12},"end":{"line":48,"column":13}},"18":{"start":{"line":18,"column":33},"end":{"line":18,"column":72}},"19":{"start":{"line":19,"column":16},"end":{"line":25,"column":17}},"20":{"start":{"line":20,"column":20},"end":{"line":24,"column":23}},"21":{"start":{"line":26,"column":34},"end":{"line":26,"column":72}},"22":{"start":{"line":27,"column":38},"end":{"line":37,"column":18}},"23":{"start":{"line":28,"column":39},"end":{"line":28,"column":40}},"24":{"start":{"line":29,"column":20},"end":{"line":35,"column":21}},"25":{"start":{"line":30,"column":24},"end":{"line":34,"column":27}},"26":{"start":{"line":31,"column":28},"end":{"line":33,"column":29}},"27":{"start":{"line":32,"column":32},"end":{"line":32,"column":68}},"28":{"start":{"line":36,"column":20},"end":{"line":36,"column":97}},"29":{"start":{"line":38,"column":34},"end":{"line":38,"column":44}},"30":{"start":{"line":39,"column":16},"end":{"line":44,"column":19}},"31":{"start":{"line":47,"column":16},"end":{"line":47,"column":47}},"32":{"start":{"line":50,"column":8},"end":{"line":70,"column":11}},"33":{"start":{"line":50,"column":42},"end":{"line":70,"column":10}},"34":{"start":{"line":51,"column":12},"end":{"line":69,"column":13}},"35":{"start":{"line":52,"column":68},"end":{"line":52,"column":76}},"36":{"start":{"line":53,"column":33},"end":{"line":53,"column":117}},"37":{"start":{"line":54,"column":16},"end":{"line":60,"column":17}},"38":{"start":{"line":55,"column":20},"end":{"line":59,"column":23}},"39":{"start":{"line":61,"column":16},"end":{"line":65,"column":19}},"40":{"start":{"line":68,"column":16},"end":{"line":68,"column":47}},"41":{"start":{"line":71,"column":8},"end":{"line":91,"column":11}},"42":{"start":{"line":71,"column":42},"end":{"line":91,"column":10}},"43":{"start":{"line":72,"column":12},"end":{"line":90,"column":13}},"44":{"start":{"line":73,"column":53},"end":{"line":73,"column":61}},"45":{"start":{"line":74,"column":33},"end":{"line":74,"column":102}},"46":{"start":{"line":75,"column":16},"end":{"line":81,"column":17}},"47":{"start":{"line":76,"column":20},"end":{"line":80,"column":23}},"48":{"start":{"line":82,"column":16},"end":{"line":86,"column":19}},"49":{"start":{"line":89,"column":16},"end":{"line":89,"column":47}},"50":{"start":{"line":92,"column":8},"end":{"line":112,"column":11}},"51":{"start":{"line":92,"column":42},"end":{"line":112,"column":10}},"52":{"start":{"line":93,"column":12},"end":{"line":111,"column":13}},"53":{"start":{"line":94,"column":31},"end":{"line":94,"column":41}},"54":{"start":{"line":95,"column":33},"end":{"line":95,"column":76}},"55":{"start":{"line":96,"column":16},"end":{"line":102,"column":17}},"56":{"start":{"line":97,"column":20},"end":{"line":101,"column":23}},"57":{"start":{"line":103,"column":16},"end":{"line":107,"column":19}},"58":{"start":{"line":110,"column":16},"end":{"line":110,"column":47}},"59":{"start":{"line":113,"column":8},"end":{"line":113,"column":75}},"60":{"start":{"line":114,"column":8},"end":{"line":114,"column":69}},"61":{"start":{"line":117,"column":8},"end":{"line":119,"column":9}},"62":{"start":{"line":118,"column":12},"end":{"line":118,"column":50}},"63":{"start":{"line":120,"column":8},"end":{"line":120,"column":69}},"64":{"start":{"line":121,"column":8},"end":{"line":121,"column":46}},"65":{"start":{"line":124,"column":0},"end":{"line":124,"column":54}}},"fnMap":{"0":{"name":"(anonymous_0)","decl":{"start":{"line":2,"column":44},"end":{"line":2,"column":45}},"loc":{"start":{"line":2,"column":89},"end":{"line":10,"column":1}},"line":2},"1":{"name":"adopt","decl":{"start":{"line":3,"column":13},"end":{"line":3,"column":18}},"loc":{"start":{"line":3,"column":26},"end":{"line":3,"column":112}},"line":3},"2":{"name":"(anonymous_2)","decl":{"start":{"line":3,"column":70},"end":{"line":3,"column":71}},"loc":{"start":{"line":3,"column":89},"end":{"line":3,"column":108}},"line":3},"3":{"name":"(anonymous_3)","decl":{"start":{"line":4,"column":36},"end":{"line":4,"column":37}},"loc":{"start":{"line":4,"column":63},"end":{"line":9,"column":5}},"line":4},"4":{"name":"fulfilled","decl":{"start":{"line":5,"column":17},"end":{"line":5,"column":26}},"loc":{"start":{"line":5,"column":34},"end":{"line":5,"column":99}},"line":5},"5":{"name":"rejected","decl":{"start":{"line":6,"column":17},"end":{"line":6,"column":25}},"loc":{"start":{"line":6,"column":33},"end":{"line":6,"column":102}},"line":6},"6":{"name":"step","decl":{"start":{"line":7,"column":17},"end":{"line":7,"column":21}},"loc":{"start":{"line":7,"column":30},"end":{"line":7,"column":118}},"line":7},"7":{"name":"(anonymous_7)","decl":{"start":{"line":15,"column":4},"end":{"line":15,"column":5}},"loc":{"start":{"line":15,"column":18},"end":{"line":115,"column":5}},"line":15},"8":{"name":"(anonymous_8)","decl":{"start":{"line":16,"column":19},"end":{"line":16,"column":20}},"loc":{"start":{"line":16,"column":39},"end":{"line":49,"column":10}},"line":16},"9":{"name":"(anonymous_9)","decl":{"start":{"line":16,"column":71},"end":{"line":16,"column":72}},"loc":{"start":{"line":16,"column":84},"end":{"line":49,"column":9}},"line":16},"10":{"name":"(anonymous_10)","decl":{"start":{"line":27,"column":51},"end":{"line":27,"column":52}},"loc":{"start":{"line":27,"column":112},"end":{"line":37,"column":17}},"line":27},"11":{"name":"(anonymous_11)","decl":{"start":{"line":30,"column":42},"end":{"line":30,"column":43}},"loc":{"start":{"line":30,"column":70},"end":{"line":34,"column":25}},"line":30},"12":{"name":"(anonymous_12)","decl":{"start":{"line":50,"column":22},"end":{"line":50,"column":23}},"loc":{"start":{"line":50,"column":42},"end":{"line":70,"column":10}},"line":50},"13":{"name":"(anonymous_13)","decl":{"start":{"line":50,"column":74},"end":{"line":50,"column":75}},"loc":{"start":{"line":50,"column":87},"end":{"line":70,"column":9}},"line":50},"14":{"name":"(anonymous_14)","decl":{"start":{"line":71,"column":22},"end":{"line":71,"column":23}},"loc":{"start":{"line":71,"column":42},"end":{"line":91,"column":10}},"line":71},"15":{"name":"(anonymous_15)","decl":{"start":{"line":71,"column":74},"end":{"line":71,"column":75}},"loc":{"start":{"line":71,"column":87},"end":{"line":91,"column":9}},"line":71},"16":{"name":"(anonymous_16)","decl":{"start":{"line":92,"column":22},"end":{"line":92,"column":23}},"loc":{"start":{"line":92,"column":42},"end":{"line":112,"column":10}},"line":92},"17":{"name":"(anonymous_17)","decl":{"start":{"line":92,"column":74},"end":{"line":92,"column":75}},"loc":{"start":{"line":92,"column":87},"end":{"line":112,"column":9}},"line":92},"18":{"name":"(anonymous_18)","decl":{"start":{"line":116,"column":4},"end":{"line":116,"column":5}},"loc":{"start":{"line":116,"column":25},"end":{"line":122,"column":5}},"line":116}},"branchMap":{"0":{"loc":{"start":{"line":2,"column":16},"end":{"line":10,"column":1}},"type":"binary-expr","locations":[{"start":{"line":2,"column":17},"end":{"line":2,"column":21}},{"start":{"line":2,"column":25},"end":{"line":2,"column":39}},{"start":{"line":2,"column":44},"end":{"line":10,"column":1}}],"line":2},"1":{"loc":{"start":{"line":3,"column":35},"end":{"line":3,"column":109}},"type":"cond-expr","locations":[{"start":{"line":3,"column":56},"end":{"line":3,"column":61}},{"start":{"line":3,"column":64},"end":{"line":3,"column":109}}],"line":3},"2":{"loc":{"start":{"line":4,"column":16},"end":{"line":4,"column":34}},"type":"binary-expr","locations":[{"start":{"line":4,"column":16},"end":{"line":4,"column":17}},{"start":{"line":4,"column":22},"end":{"line":4,"column":33}}],"line":4},"3":{"loc":{"start":{"line":7,"column":32},"end":{"line":7,"column":115}},"type":"cond-expr","locations":[{"start":{"line":7,"column":46},"end":{"line":7,"column":67}},{"start":{"line":7,"column":70},"end":{"line":7,"column":115}}],"line":7},"4":{"loc":{"start":{"line":8,"column":51},"end":{"line":8,"column":67}},"type":"binary-expr","locations":[{"start":{"line":8,"column":51},"end":{"line":8,"column":61}},{"start":{"line":8,"column":65},"end":{"line":8,"column":67}}],"line":8},"5":{"loc":{"start":{"line":19,"column":16},"end":{"line":25,"column":17}},"type":"if","locations":[{"start":{"line":19,"column":16},"end":{"line":25,"column":17}},{"start":{"line":19,"column":16},"end":{"line":25,"column":17}}],"line":19},"6":{"loc":{"start":{"line":29,"column":20},"end":{"line":35,"column":21}},"type":"if","locations":[{"start":{"line":29,"column":20},"end":{"line":35,"column":21}},{"start":{"line":29,"column":20},"end":{"line":35,"column":21}}],"line":29},"7":{"loc":{"start":{"line":31,"column":28},"end":{"line":33,"column":29}},"type":"if","locations":[{"start":{"line":31,"column":28},"end":{"line":33,"column":29}},{"start":{"line":31,"column":28},"end":{"line":33,"column":29}}],"line":31},"8":{"loc":{"start":{"line":54,"column":16},"end":{"line":60,"column":17}},"type":"if","locations":[{"start":{"line":54,"column":16},"end":{"line":60,"column":17}},{"start":{"line":54,"column":16},"end":{"line":60,"column":17}}],"line":54},"9":{"loc":{"start":{"line":75,"column":16},"end":{"line":81,"column":17}},"type":"if","locations":[{"start":{"line":75,"column":16},"end":{"line":81,"column":17}},{"start":{"line":75,"column":16},"end":{"line":81,"column":17}}],"line":75},"10":{"loc":{"start":{"line":96,"column":16},"end":{"line":102,"column":17}},"type":"if","locations":[{"start":{"line":96,"column":16},"end":{"line":102,"column":17}},{"start":{"line":96,"column":16},"end":{"line":102,"column":17}}],"line":96},"11":{"loc":{"start":{"line":117,"column":8},"end":{"line":119,"column":9}},"type":"if","locations":[{"start":{"line":117,"column":8},"end":{"line":119,"column":9}},{"start":{"line":117,"column":8},"end":{"line":119,"column":9}}],"line":117}},"s":{"0":0,"1":0,"2":0,"3":0,"4":0,"5":0,"6":0,"7":0,"8":0,"9":0,"10":0,"11":0,"12":0,"13":0,"14":0,"15":0,"16":0,"17":0,"18":0,"19":0,"20":0,"21":0,"22":0,"23":0,"24":0,"25":0,"26":0,"27":0,"28":0,"29":0,"30":0,"31":0,"32":0,"33":0,"34":0,"35":0,"36":0,"37":0,"38":0,"39":0,"40":0,"41":0,"42":0,"43":0,"44":0,"45":0,"46":0,"47":0,"48":0,"49":0,"50":0,"51":0,"52":0,"53":0,"54":0,"55":0,"56":0,"57":0,"58":0,"59":0,"60":0,"61":0,"62":0,"63":0,"64":0,"65":0},"f":{"0":0,"1":0,"2":0,"3":0,"4":0,"5":0,"6":0,"7":0,"8":0,"9":0,"10":0,"11":0,"12":0,"13":0,"14":0,"15":0,"16":0,"17":0,"18":0},"b":{"0":[0,0,0],"1":[0,0],"2":[0,0],"3":[0,0],"4":[0,0],"5":[0,0],"6":[0,0],"7":[0,0],"8":[0,0],"9":[0,0],"10":[0,0],"11":[0,0]},"inputSourceMap":{"version":3,"file":"controller.js","sourceRoot":"","sources":["../../../src/controllers/examination/controller.ts"],"names":[],"mappings":";;;;;;;;;;;AACA,gGAAyF;AACzF,wFAAiF;AAEjF,MAAM,qBAAqB;IAGvB;QAcO,QAAG,GAAG,CAAO,GAAY,EAAE,GAAa,EAAE,IAAkB,EAAE,EAAE;YACnE,IAAI;gBACA,MAAM,QAAQ,GAAG,MAAM,IAAI,CAAC,qBAAqB,CAAC,IAAI,EAAE,CAAC;gBACzD,IAAI,CAAC,QAAQ,EAAE;oBACX,IAAI,CAAC;wBACD,OAAO,EAAE,sBAAsB;wBAC/B,KAAK,EAAE,aAAa;wBACpB,MAAM,EAAE,GAAG;qBACd,CAAC,CAAC;iBACN;gBACD,MAAM,SAAS,GAAG,MAAM,IAAI,CAAC,kBAAkB,CAAC,IAAI,CAAC,EAAE,CAAC,CAAC;gBACzD,MAAM,aAAa,GAAG,QAAQ,CAAC,GAAG,CAAC,CAAC,EAAE,UAAU,EAAE,OAAO,EAAE,WAAW,EAAE,IAAI,EAAE,WAAW,EAAE,EAAE,EAAE;oBAC3F,IAAI,YAAY,GAAG,CAAC,CAAC;oBACrB,IAAI,SAAS,CAAC,MAAM,EAAE;wBAClB,SAAS,CAAC,OAAO,CAAC,CAAC,EAAE,WAAW,EAAE,KAAK,EAAE,EAAE,EAAE;4BACzC,IAAI,WAAW,KAAK,UAAU,EAAE;gCAC5B,YAAY,GAAG,YAAY,GAAG,KAAK,CAAC;6BACvC;wBACL,CAAC,CAAC,CAAC;qBACN;oBACD,OAAO,EAAC,OAAO,EAAE,WAAW,EAAE,IAAI,EAAE,WAAW,EAAE,UAAU,EAAE,YAAY,EAAC,CAAC;gBAC/E,CAAC,CAAC,CAAC;gBACH,MAAM,EAAE,KAAK,EAAE,GAAG,GAAG,CAAC,MAAM,CAAC;gBAC7B,GAAG,CAAC,MAAM,CAAC,GAAG,CAAC,CAAC,IAAI,CAAC;oBACjB,OAAO,EAAE,kCAAkC;oBAC3C,IAAI,EAAE,aAAa;oBACnB,KAAK;oBACL,MAAM,EAAE,SAAS;iBACpB,CAAC,CAAC;aACN;YAAC,OAAO,GAAG,EAAE;gBACV,IAAI,CAAC,EAAC,OAAO,EAAE,GAAG,CAAC,OAAO,EAAC,CAAC,CAAC;aAChC;QACL,CAAC,CAAA,CAAA;QAEM,WAAM,GAAI,CAAO,GAAY,EAAE,GAAa,EAAE,IAAkB,EAAE,EAAE;YACvE,IAAI;gBACA,MAAM,EAAE,OAAO,EAAE,WAAW,EAAE,IAAI,EAAE,WAAW,EAAE,GAAG,GAAG,CAAC,IAAI,CAAC;gBAC7D,MAAM,QAAQ,GAAG,MAAM,IAAI,CAAC,qBAAqB,CAAC,MAAM,CAAC,EAAE,OAAO,EAAE,WAAW,EAAE,IAAI,EAAE,WAAW,EAAE,CAAC,CAAC;gBACtG,IAAI,CAAC,QAAQ,EAAE;oBACX,IAAI,CAAC;wBACD,OAAO,EAAE,6BAA6B;wBACtC,KAAK,EAAE,aAAa;wBACpB,MAAM,EAAE,GAAG;qBACd,CAAC,CAAC;iBACN;gBACD,GAAG,CAAC,MAAM,CAAC,GAAG,CAAC,CAAC,IAAI,CAAC;oBACjB,OAAO,EAAE,kCAAkC;oBAC3C,IAAI,EAAE,QAAQ;oBACd,MAAM,EAAE,SAAS;iBACpB,CAAC,CAAC;aACN;YAAC,OAAO,GAAG,EAAE;gBACV,IAAI,CAAC,EAAC,OAAO,EAAE,GAAG,CAAC,OAAO,EAAC,CAAC,CAAC;aAChC;QACL,CAAC,CAAA,CAAA;QAEM,WAAM,GAAG,CAAO,GAAY,EAAE,GAAa,EAAE,IAAkB,EAAE,EAAE;YACtE,IAAI;gBACA,MAAM,EAAE,UAAU,EAAE,YAAY,EAAE,GAAG,GAAG,CAAC,IAAI,CAAC;gBAC9C,MAAM,QAAQ,GAAG,MAAM,IAAI,CAAC,qBAAqB,CAAC,MAAM,CAAC,EAAC,UAAU,EAAE,YAAY,EAAC,CAAC,CAAC;gBACrF,IAAI,CAAC,QAAQ,EAAE;oBACX,IAAI,CAAC;wBACD,OAAO,EAAE,2BAA2B;wBACpC,KAAK,EAAE,aAAa;wBACpB,MAAM,EAAE,GAAG;qBACd,CAAC,CAAC;iBACN;gBACD,GAAG,CAAC,MAAM,CAAC,GAAG,CAAC,CAAC,IAAI,CAAC;oBACjB,OAAO,EAAE,kCAAkC;oBAC3C,IAAI,EAAE,QAAQ;oBACd,MAAM,EAAE,SAAS;iBACpB,CAAC,CAAC;aACN;YAAC,OAAO,GAAG,EAAE;gBACV,IAAI,CAAC,EAAC,OAAO,EAAE,GAAG,CAAC,OAAO,EAAC,CAAC,CAAC;aAChC;QACL,CAAC,CAAA,CAAA;QAEM,WAAM,GAAG,CAAO,GAAY,EAAE,GAAa,EAAE,IAAkB,EAAE,EAAE;YACtE,IAAI;gBACA,MAAM,EAAE,EAAE,EAAE,GAAG,GAAG,CAAC,MAAM,CAAC;gBAC1B,MAAM,QAAQ,GAAG,MAAM,IAAI,CAAC,qBAAqB,CAAC,MAAM,CAAC,EAAE,CAAC,CAAC;gBAC7D,IAAI,CAAC,QAAQ,CAAC,UAAU,EAAE;oBACtB,OAAO,IAAI,CAAC;wBACR,OAAO,EAAE,2BAA2B;wBACpC,KAAK,EAAE,aAAa;wBACpB,MAAM,EAAE,GAAG;qBACd,CAAC,CAAC;iBACN;gBACD,GAAG,CAAC,MAAM,CAAC,GAAG,CAAC,CAAC,IAAI,CAAC;oBACjB,OAAO,EAAE,kCAAkC;oBAC3C,IAAI,EAAE,EAAE;oBACR,MAAM,EAAE,SAAS;iBACpB,CAAC,CAAC;aACN;YAAC,OAAO,GAAG,EAAE;gBACV,IAAI,CAAC,EAAC,OAAO,EAAE,GAAG,CAAC,OAAO,EAAC,CAAC,CAAC;aAChC;QACL,CAAC,CAAA,CAAA;QA5GG,IAAI,CAAC,qBAAqB,GAAG,IAAI,+BAAqB,EAAE,CAAC;QACzD,IAAI,CAAC,kBAAkB,GAAG,IAAI,4BAAkB,EAAE,CAAC;IACvD,CAAC;IAGD,MAAM,CAAC,WAAW;QACd,IAAI,qBAAqB,CAAC,QAAQ,EAAE;YAChC,OAAO,qBAAqB,CAAC,QAAQ,CAAC;SACzC;QACD,qBAAqB,CAAC,QAAQ,GAAG,IAAI,qBAAqB,EAAE,CAAC;QAC7D,OAAO,qBAAqB,CAAC,QAAQ,CAAC;IAC1C,CAAC;CAkGJ;AAED,kBAAe,qBAAqB,CAAC,WAAW,EAAE,CAAC"},"all":true},"/home/mudit.rajput/AfterTraining/examination-server/dist/controllers/examination/index.js":{"path":"/home/mudit.rajput/AfterTraining/examination-server/dist/controllers/examination/index.js","statementMap":{"0":{"start":{"line":2,"column":0},"end":{"line":2,"column":62}},"1":{"start":{"line":3,"column":0},"end":{"line":3,"column":35}},"2":{"start":{"line":4,"column":15},"end":{"line":4,"column":34}},"3":{"start":{"line":5,"column":0},"end":{"line":5,"column":121}},"4":{"start":{"line":5,"column":91},"end":{"line":5,"column":115}}},"fnMap":{"0":{"name":"(anonymous_0)","decl":{"start":{"line":5,"column":77},"end":{"line":5,"column":78}},"loc":{"start":{"line":5,"column":89},"end":{"line":5,"column":117}},"line":5}},"branchMap":{},"s":{"0":0,"1":0,"2":0,"3":0,"4":0},"f":{"0":0},"b":{},"inputSourceMap":{"version":3,"file":"index.js","sourceRoot":"","sources":["../../../src/controllers/examination/index.ts"],"names":[],"mappings":";;;AAAA,mCAAwD;AAA/C,2GAAA,OAAO,OAAqB"},"all":true},"/home/mudit.rajput/AfterTraining/examination-server/dist/controllers/examination/routes.js":{"path":"/home/mudit.rajput/AfterTraining/examination-server/dist/controllers/examination/routes.js","statementMap":{"0":{"start":{"line":2,"column":0},"end":{"line":2,"column":62}},"1":{"start":{"line":3,"column":18},"end":{"line":3,"column":36}},"2":{"start":{"line":4,"column":21},"end":{"line":4,"column":44}},"3":{"start":{"line":5,"column":28},"end":{"line":5,"column":67}},"4":{"start":{"line":6,"column":21},"end":{"line":6,"column":44}},"5":{"start":{"line":7,"column":17},"end":{"line":7,"column":45}},"6":{"start":{"line":8,"column":26},"end":{"line":8,"column":44}},"7":{"start":{"line":9,"column":0},"end":{"line":12,"column":142}},"8":{"start":{"line":13,"column":0},"end":{"line":14,"column":146}},"9":{"start":{"line":15,"column":0},"end":{"line":15,"column":36}}},"fnMap":{},"branchMap":{},"s":{"0":0,"1":0,"2":0,"3":0,"4":0,"5":0,"6":0,"7":0,"8":0,"9":0},"f":{},"b":{},"inputSourceMap":{"version":3,"file":"routes.js","sourceRoot":"","sources":["../../../src/controllers/examination/routes.ts"],"names":[],"mappings":";;AAAA,qCAAiC;AACjC,6CAAiD;AACjD,oEAA6D;AAC7D,6CAAsC;AACtC,8CAAmD;AAEnD,MAAM,iBAAiB,GAAG,gBAAM,EAAE,CAAC;AACnC,iBAAiB,CAAC,KAAK,CAAC,GAAG,CAAC;KACvB,GAAG,CAAC,uBAAc,CAAC,UAAU,EAAE,MAAM,CAAC,EAAE,oBAAqB,CAAC,GAAG,CAAC;KAClE,IAAI,CAAC,uBAAc,CAAC,UAAU,EAAE,OAAO,CAAC,EAAE,2BAAiB,CAAC,oBAAU,CAAC,MAAM,CAAC,EAAE,oBAAqB,CAAC,MAAM,CAAC;KAC7G,GAAG,CAAC,uBAAc,CAAC,UAAU,EAAE,OAAO,CAAC,EAAE,2BAAiB,CAAC,oBAAU,CAAC,MAAM,CAAC,EAAE,oBAAqB,CAAC,MAAM,CAAC,CAAC;AAElH,iBAAiB,CAAC,KAAK,CAAC,MAAM,CAAC;KAC1B,MAAM,CAAC,uBAAc,CAAC,UAAU,EAAE,QAAQ,CAAC,EAAE,2BAAiB,CAAC,oBAAU,CAAC,MAAM,CAAC,EAAE,oBAAqB,CAAC,MAAM,CAAC,CAAC;AAEtH,kBAAe,iBAAiB,CAAC"},"all":true},"/home/mudit.rajput/AfterTraining/examination-server/dist/controllers/examination/validation.js":{"path":"/home/mudit.rajput/AfterTraining/examination-server/dist/controllers/examination/validation.js","statementMap":{"0":{"start":{"line":2,"column":0},"end":{"line":2,"column":62}},"1":{"start":{"line":3,"column":19},"end":{"line":48,"column":1}},"2":{"start":{"line":49,"column":0},"end":{"line":49,"column":29}}},"fnMap":{},"branchMap":{},"s":{"0":0,"1":0,"2":0},"f":{},"b":{},"inputSourceMap":{"version":3,"file":"validation.js","sourceRoot":"","sources":["../../../src/controllers/examination/validation.ts"],"names":[],"mappings":";;AAAA,MAAM,UAAU,GAAG;IACf,MAAM,EAAE;QACJ,OAAO,EAAE;YACL,QAAQ,EAAE,IAAI;YACd,MAAM,EAAE,IAAI;YACZ,EAAE,EAAE,CAAC,MAAM,CAAC;YACZ,YAAY,EAAE,oBAAoB;SACrC;QACD,WAAW,EAAE;YACT,QAAQ,EAAE,KAAK;YACf,MAAM,EAAE,IAAI;YACZ,EAAE,EAAE,CAAC,MAAM,CAAC;SACf;QACD,IAAI,EAAE;YACF,QAAQ,EAAE,IAAI;YACd,MAAM,EAAE,IAAI;YACZ,EAAE,EAAE,CAAC,MAAM,CAAC;SACf;QACD,WAAW,EAAE;YACT,QAAQ,EAAE,IAAI;YACd,MAAM,EAAE,IAAI;YACZ,EAAE,EAAE,CAAC,MAAM,CAAC;SACf;KACJ;IACD,MAAM,EAAE;QACJ,EAAE,EAAE;YACA,QAAQ,EAAE,IAAI;YACd,MAAM,EAAE,IAAI;YACZ,YAAY,EAAE,gBAAgB;YAC9B,EAAE,EAAE,CAAC,QAAQ,CAAC;SACjB;KACJ;IACD,MAAM,EAAE;QACJ,UAAU,EAAE;YACR,QAAQ,EAAE,IAAI;YACd,MAAM,EAAE,IAAI;YACZ,EAAE,EAAE,CAAC,MAAM,CAAC;SACf;QACD,YAAY,EAAE;YACV,EAAE,EAAE,CAAC,MAAM,CAAC;YACZ,QAAQ,EAAE,IAAI;YACd,QAAQ,EAAE,IAAI;YACd,YAAY,EAAE,0BAA0B;SAC3C;KACJ;CACJ,CAAC;AACF,kBAAe,UAAU,CAAC"},"all":true},"/home/mudit.rajput/AfterTraining/examination-server/dist/controllers/index.js":{"path":"/home/mudit.rajput/AfterTraining/examination-server/dist/controllers/index.js","statementMap":{"0":{"start":{"line":2,"column":0},"end":{"line":2,"column":62}},"1":{"start":{"line":3,"column":0},"end":{"line":3,"column":128}},"2":{"start":{"line":4,"column":16},"end":{"line":4,"column":36}},"3":{"start":{"line":5,"column":0},"end":{"line":5,"column":124}},"4":{"start":{"line":5,"column":87},"end":{"line":5,"column":118}},"5":{"start":{"line":6,"column":13},"end":{"line":6,"column":30}},"6":{"start":{"line":7,"column":0},"end":{"line":7,"column":115}},"7":{"start":{"line":7,"column":84},"end":{"line":7,"column":109}},"8":{"start":{"line":8,"column":20},"end":{"line":8,"column":44}},"9":{"start":{"line":9,"column":0},"end":{"line":9,"column":136}},"10":{"start":{"line":9,"column":91},"end":{"line":9,"column":130}},"11":{"start":{"line":10,"column":17},"end":{"line":10,"column":38}},"12":{"start":{"line":11,"column":0},"end":{"line":11,"column":127}},"13":{"start":{"line":11,"column":88},"end":{"line":11,"column":121}},"14":{"start":{"line":12,"column":15},"end":{"line":12,"column":34}},"15":{"start":{"line":13,"column":0},"end":{"line":13,"column":121}},"16":{"start":{"line":13,"column":86},"end":{"line":13,"column":115}}},"fnMap":{"0":{"name":"(anonymous_0)","decl":{"start":{"line":5,"column":73},"end":{"line":5,"column":74}},"loc":{"start":{"line":5,"column":85},"end":{"line":5,"column":120}},"line":5},"1":{"name":"(anonymous_1)","decl":{"start":{"line":7,"column":70},"end":{"line":7,"column":71}},"loc":{"start":{"line":7,"column":82},"end":{"line":7,"column":111}},"line":7},"2":{"name":"(anonymous_2)","decl":{"start":{"line":9,"column":77},"end":{"line":9,"column":78}},"loc":{"start":{"line":9,"column":89},"end":{"line":9,"column":132}},"line":9},"3":{"name":"(anonymous_3)","decl":{"start":{"line":11,"column":74},"end":{"line":11,"column":75}},"loc":{"start":{"line":11,"column":86},"end":{"line":11,"column":123}},"line":11},"4":{"name":"(anonymous_4)","decl":{"start":{"line":13,"column":72},"end":{"line":13,"column":73}},"loc":{"start":{"line":13,"column":84},"end":{"line":13,"column":117}},"line":13}},"branchMap":{},"s":{"0":0,"1":0,"2":0,"3":0,"4":0,"5":0,"6":0,"7":0,"8":0,"9":0,"10":0,"11":0,"12":0,"13":0,"14":0,"15":0,"16":0},"f":{"0":0,"1":0,"2":0,"3":0,"4":0},"b":{},"inputSourceMap":{"version":3,"file":"index.js","sourceRoot":"","sources":["../../src/controllers/index.ts"],"names":[],"mappings":";;;AAAA,qCAA0C;AAAjC,wGAAA,aAAa,OAAA;AACtB,+BAAoC;AAA3B,kGAAA,UAAU,OAAA;AACnB,6CAAkD;AAAzC,gHAAA,iBAAiB,OAAA;AAC1B,uCAA4C;AAAnC,0GAAA,cAAc,OAAA;AACvB,mCAAwC;AAA/B,sGAAA,YAAY,OAAA"},"all":true},"/home/mudit.rajput/AfterTraining/examination-server/dist/controllers/question/controller.js":{"path":"/home/mudit.rajput/AfterTraining/examination-server/dist/controllers/question/controller.js","statementMap":{"0":{"start":{"line":2,"column":16},"end":{"line":10,"column":1}},"1":{"start":{"line":3,"column":28},"end":{"line":3,"column":110}},"2":{"start":{"line":3,"column":91},"end":{"line":3,"column":106}},"3":{"start":{"line":4,"column":4},"end":{"line":9,"column":7}},"4":{"start":{"line":5,"column":36},"end":{"line":5,"column":97}},"5":{"start":{"line":5,"column":42},"end":{"line":5,"column":70}},"6":{"start":{"line":5,"column":85},"end":{"line":5,"column":95}},"7":{"start":{"line":6,"column":35},"end":{"line":6,"column":100}},"8":{"start":{"line":6,"column":41},"end":{"line":6,"column":73}},"9":{"start":{"line":6,"column":88},"end":{"line":6,"column":98}},"10":{"start":{"line":7,"column":32},"end":{"line":7,"column":116}},"11":{"start":{"line":8,"column":8},"end":{"line":8,"column":78}},"12":{"start":{"line":11,"column":0},"end":{"line":11,"column":62}},"13":{"start":{"line":12,"column":29},"end":{"line":12,"column":87}},"14":{"start":{"line":13,"column":27},"end":{"line":13,"column":80}},"15":{"start":{"line":14,"column":33},"end":{"line":14,"column":98}},"16":{"start":{"line":17,"column":8},"end":{"line":71,"column":11}},"17":{"start":{"line":17,"column":39},"end":{"line":71,"column":10}},"18":{"start":{"line":18,"column":12},"end":{"line":70,"column":13}},"19":{"start":{"line":19,"column":31},"end":{"line":19,"column":41}},"20":{"start":{"line":20,"column":49},"end":{"line":20,"column":57}},"21":{"start":{"line":21,"column":53},"end":{"line":21,"column":63}},"22":{"start":{"line":22,"column":31},"end":{"line":22,"column":32}},"23":{"start":{"line":23,"column":37},"end":{"line":23,"column":93}},"24":{"start":{"line":24,"column":16},"end":{"line":30,"column":17}},"25":{"start":{"line":25,"column":20},"end":{"line":29,"column":23}},"26":{"start":{"line":31,"column":38},"end":{"line":31,"column":111}},"27":{"start":{"line":32,"column":42},"end":{"line":32,"column":97}},"28":{"start":{"line":33,"column":16},"end":{"line":39,"column":17}},"29":{"start":{"line":34,"column":20},"end":{"line":38,"column":23}},"30":{"start":{"line":40,"column":16},"end":{"line":57,"column":17}},"31":{"start":{"line":41,"column":20},"end":{"line":56,"column":21}},"32":{"start":{"line":42,"column":24},"end":{"line":42,"column":116}},"33":{"start":{"line":45,"column":24},"end":{"line":45,"column":53}},"34":{"start":{"line":46,"column":41},"end":{"line":48,"column":26}},"35":{"start":{"line":49,"column":24},"end":{"line":55,"column":25}},"36":{"start":{"line":50,"column":28},"end":{"line":54,"column":31}},"37":{"start":{"line":58,"column":34},"end":{"line":58,"column":44}},"38":{"start":{"line":59,"column":16},"end":{"line":66,"column":19}},"39":{"start":{"line":69,"column":16},"end":{"line":69,"column":47}},"40":{"start":{"line":72,"column":8},"end":{"line":98,"column":11}},"41":{"start":{"line":72,"column":42},"end":{"line":98,"column":10}},"42":{"start":{"line":73,"column":12},"end":{"line":97,"column":13}},"43":{"start":{"line":74,"column":53},"end":{"line":74,"column":61}},"44":{"start":{"line":75,"column":16},"end":{"line":86,"column":20}},"45":{"start":{"line":75,"column":57},"end":{"line":86,"column":18}},"46":{"start":{"line":76,"column":20},"end":{"line":76,"column":84}},"47":{"start":{"line":77,"column":45},"end":{"line":77,"column":91}},"48":{"start":{"line":78,"column":20},"end":{"line":84,"column":21}},"49":{"start":{"line":79,"column":24},"end":{"line":83,"column":27}},"50":{"start":{"line":85,"column":20},"end":{"line":85,"column":44}},"51":{"start":{"line":87,"column":16},"end":{"line":93,"column":19}},"52":{"start":{"line":96,"column":16},"end":{"line":96,"column":47}},"53":{"start":{"line":99,"column":8},"end":{"line":119,"column":11}},"54":{"start":{"line":99,"column":42},"end":{"line":119,"column":10}},"55":{"start":{"line":100,"column":12},"end":{"line":118,"column":13}},"56":{"start":{"line":101,"column":53},"end":{"line":101,"column":61}},"57":{"start":{"line":102,"column":33},"end":{"line":102,"column":99}},"58":{"start":{"line":103,"column":16},"end":{"line":109,"column":17}},"59":{"start":{"line":104,"column":20},"end":{"line":108,"column":23}},"60":{"start":{"line":110,"column":16},"end":{"line":114,"column":19}},"61":{"start":{"line":117,"column":16},"end":{"line":117,"column":47}},"62":{"start":{"line":120,"column":8},"end":{"line":140,"column":11}},"63":{"start":{"line":120,"column":45},"end":{"line":140,"column":10}},"64":{"start":{"line":121,"column":12},"end":{"line":139,"column":13}},"65":{"start":{"line":122,"column":31},"end":{"line":122,"column":41}},"66":{"start":{"line":123,"column":33},"end":{"line":123,"column":73}},"67":{"start":{"line":124,"column":16},"end":{"line":130,"column":17}},"68":{"start":{"line":125,"column":20},"end":{"line":129,"column":23}},"69":{"start":{"line":131,"column":16},"end":{"line":135,"column":19}},"70":{"start":{"line":138,"column":16},"end":{"line":138,"column":47}},"71":{"start":{"line":141,"column":8},"end":{"line":165,"column":11}},"72":{"start":{"line":141,"column":42},"end":{"line":165,"column":10}},"73":{"start":{"line":142,"column":12},"end":{"line":164,"column":13}},"74":{"start":{"line":143,"column":31},"end":{"line":143,"column":41}},"75":{"start":{"line":144,"column":37},"end":{"line":144,"column":92}},"76":{"start":{"line":145,"column":16},"end":{"line":155,"column":20}},"77":{"start":{"line":145,"column":51},"end":{"line":155,"column":18}},"78":{"start":{"line":146,"column":37},"end":{"line":146,"column":94}},"79":{"start":{"line":147,"column":20},"end":{"line":147,"column":50}},"80":{"start":{"line":148,"column":20},"end":{"line":154,"column":21}},"81":{"start":{"line":149,"column":24},"end":{"line":153,"column":27}},"82":{"start":{"line":156,"column":16},"end":{"line":160,"column":19}},"83":{"start":{"line":163,"column":16},"end":{"line":163,"column":47}},"84":{"start":{"line":166,"column":8},"end":{"line":208,"column":11}},"85":{"start":{"line":166,"column":49},"end":{"line":208,"column":10}},"86":{"start":{"line":167,"column":57},"end":{"line":167,"column":67}},"87":{"start":{"line":168,"column":54},"end":{"line":168,"column":62}},"88":{"start":{"line":169,"column":31},"end":{"line":169,"column":33}},"89":{"start":{"line":170,"column":33},"end":{"line":170,"column":81}},"90":{"start":{"line":171,"column":29},"end":{"line":171,"column":80}},"91":{"start":{"line":172,"column":12},"end":{"line":178,"column":13}},"92":{"start":{"line":173,"column":16},"end":{"line":177,"column":19}},"93":{"start":{"line":179,"column":34},"end":{"line":187,"column":13}},"94":{"start":{"line":180,"column":36},"end":{"line":185,"column":18}},"95":{"start":{"line":181,"column":20},"end":{"line":183,"column":21}},"96":{"start":{"line":182,"column":24},"end":{"line":182,"column":36}},"97":{"start":{"line":184,"column":20},"end":{"line":184,"column":33}},"98":{"start":{"line":186,"column":16},"end":{"line":186,"column":66}},"99":{"start":{"line":188,"column":12},"end":{"line":194,"column":16}},"100":{"start":{"line":188,"column":71},"end":{"line":194,"column":14}},"101":{"start":{"line":189,"column":16},"end":{"line":192,"column":17}},"102":{"start":{"line":190,"column":20},"end":{"line":190,"column":100}},"103":{"start":{"line":191,"column":20},"end":{"line":191,"column":27}},"104":{"start":{"line":193,"column":16},"end":{"line":193,"column":92}},"105":{"start":{"line":195,"column":35},"end":{"line":195,"column":120}},"106":{"start":{"line":196,"column":12},"end":{"line":202,"column":13}},"107":{"start":{"line":197,"column":16},"end":{"line":201,"column":19}},"108":{"start":{"line":203,"column":12},"end":{"line":207,"column":15}},"109":{"start":{"line":209,"column":8},"end":{"line":209,"column":69}},"110":{"start":{"line":210,"column":8},"end":{"line":210,"column":65}},"111":{"start":{"line":211,"column":8},"end":{"line":211,"column":77}},"112":{"start":{"line":214,"column":8},"end":{"line":216,"column":9}},"113":{"start":{"line":215,"column":12},"end":{"line":215,"column":47}},"114":{"start":{"line":217,"column":8},"end":{"line":217,"column":63}},"115":{"start":{"line":218,"column":8},"end":{"line":218,"column":43}},"116":{"start":{"line":221,"column":0},"end":{"line":221,"column":51}}},"fnMap":{"0":{"name":"(anonymous_0)","decl":{"start":{"line":2,"column":44},"end":{"line":2,"column":45}},"loc":{"start":{"line":2,"column":89},"end":{"line":10,"column":1}},"line":2},"1":{"name":"adopt","decl":{"start":{"line":3,"column":13},"end":{"line":3,"column":18}},"loc":{"start":{"line":3,"column":26},"end":{"line":3,"column":112}},"line":3},"2":{"name":"(anonymous_2)","decl":{"start":{"line":3,"column":70},"end":{"line":3,"column":71}},"loc":{"start":{"line":3,"column":89},"end":{"line":3,"column":108}},"line":3},"3":{"name":"(anonymous_3)","decl":{"start":{"line":4,"column":36},"end":{"line":4,"column":37}},"loc":{"start":{"line":4,"column":63},"end":{"line":9,"column":5}},"line":4},"4":{"name":"fulfilled","decl":{"start":{"line":5,"column":17},"end":{"line":5,"column":26}},"loc":{"start":{"line":5,"column":34},"end":{"line":5,"column":99}},"line":5},"5":{"name":"rejected","decl":{"start":{"line":6,"column":17},"end":{"line":6,"column":25}},"loc":{"start":{"line":6,"column":33},"end":{"line":6,"column":102}},"line":6},"6":{"name":"step","decl":{"start":{"line":7,"column":17},"end":{"line":7,"column":21}},"loc":{"start":{"line":7,"column":30},"end":{"line":7,"column":118}},"line":7},"7":{"name":"(anonymous_7)","decl":{"start":{"line":16,"column":4},"end":{"line":16,"column":5}},"loc":{"start":{"line":16,"column":18},"end":{"line":212,"column":5}},"line":16},"8":{"name":"(anonymous_8)","decl":{"start":{"line":17,"column":19},"end":{"line":17,"column":20}},"loc":{"start":{"line":17,"column":39},"end":{"line":71,"column":10}},"line":17},"9":{"name":"(anonymous_9)","decl":{"start":{"line":17,"column":71},"end":{"line":17,"column":72}},"loc":{"start":{"line":17,"column":84},"end":{"line":71,"column":9}},"line":17},"10":{"name":"(anonymous_10)","decl":{"start":{"line":72,"column":22},"end":{"line":72,"column":23}},"loc":{"start":{"line":72,"column":42},"end":{"line":98,"column":10}},"line":72},"11":{"name":"(anonymous_11)","decl":{"start":{"line":72,"column":74},"end":{"line":72,"column":75}},"loc":{"start":{"line":72,"column":87},"end":{"line":98,"column":9}},"line":72},"12":{"name":"(anonymous_12)","decl":{"start":{"line":75,"column":43},"end":{"line":75,"column":44}},"loc":{"start":{"line":75,"column":57},"end":{"line":86,"column":18}},"line":75},"13":{"name":"(anonymous_13)","decl":{"start":{"line":75,"column":89},"end":{"line":75,"column":90}},"loc":{"start":{"line":75,"column":102},"end":{"line":86,"column":17}},"line":75},"14":{"name":"(anonymous_14)","decl":{"start":{"line":99,"column":22},"end":{"line":99,"column":23}},"loc":{"start":{"line":99,"column":42},"end":{"line":119,"column":10}},"line":99},"15":{"name":"(anonymous_15)","decl":{"start":{"line":99,"column":74},"end":{"line":99,"column":75}},"loc":{"start":{"line":99,"column":87},"end":{"line":119,"column":9}},"line":99},"16":{"name":"(anonymous_16)","decl":{"start":{"line":120,"column":25},"end":{"line":120,"column":26}},"loc":{"start":{"line":120,"column":45},"end":{"line":140,"column":10}},"line":120},"17":{"name":"(anonymous_17)","decl":{"start":{"line":120,"column":77},"end":{"line":120,"column":78}},"loc":{"start":{"line":120,"column":90},"end":{"line":140,"column":9}},"line":120},"18":{"name":"(anonymous_18)","decl":{"start":{"line":141,"column":22},"end":{"line":141,"column":23}},"loc":{"start":{"line":141,"column":42},"end":{"line":165,"column":10}},"line":141},"19":{"name":"(anonymous_19)","decl":{"start":{"line":141,"column":74},"end":{"line":141,"column":75}},"loc":{"start":{"line":141,"column":87},"end":{"line":165,"column":9}},"line":141},"20":{"name":"(anonymous_20)","decl":{"start":{"line":145,"column":37},"end":{"line":145,"column":38}},"loc":{"start":{"line":145,"column":51},"end":{"line":155,"column":18}},"line":145},"21":{"name":"(anonymous_21)","decl":{"start":{"line":145,"column":83},"end":{"line":145,"column":84}},"loc":{"start":{"line":145,"column":96},"end":{"line":155,"column":17}},"line":145},"22":{"name":"(anonymous_22)","decl":{"start":{"line":166,"column":29},"end":{"line":166,"column":30}},"loc":{"start":{"line":166,"column":49},"end":{"line":208,"column":10}},"line":166},"23":{"name":"(anonymous_23)","decl":{"start":{"line":166,"column":81},"end":{"line":166,"column":82}},"loc":{"start":{"line":166,"column":94},"end":{"line":208,"column":9}},"line":166},"24":{"name":"(anonymous_24)","decl":{"start":{"line":179,"column":34},"end":{"line":179,"column":35}},"loc":{"start":{"line":179,"column":63},"end":{"line":187,"column":13}},"line":179},"25":{"name":"(anonymous_25)","decl":{"start":{"line":180,"column":52},"end":{"line":180,"column":53}},"loc":{"start":{"line":180,"column":65},"end":{"line":185,"column":17}},"line":180},"26":{"name":"(anonymous_26)","decl":{"start":{"line":188,"column":29},"end":{"line":188,"column":30}},"loc":{"start":{"line":188,"column":71},"end":{"line":194,"column":14}},"line":188},"27":{"name":"(anonymous_27)","decl":{"start":{"line":188,"column":103},"end":{"line":188,"column":104}},"loc":{"start":{"line":188,"column":116},"end":{"line":194,"column":13}},"line":188},"28":{"name":"(anonymous_28)","decl":{"start":{"line":213,"column":4},"end":{"line":213,"column":5}},"loc":{"start":{"line":213,"column":25},"end":{"line":219,"column":5}},"line":213}},"branchMap":{"0":{"loc":{"start":{"line":2,"column":16},"end":{"line":10,"column":1}},"type":"binary-expr","locations":[{"start":{"line":2,"column":17},"end":{"line":2,"column":21}},{"start":{"line":2,"column":25},"end":{"line":2,"column":39}},{"start":{"line":2,"column":44},"end":{"line":10,"column":1}}],"line":2},"1":{"loc":{"start":{"line":3,"column":35},"end":{"line":3,"column":109}},"type":"cond-expr","locations":[{"start":{"line":3,"column":56},"end":{"line":3,"column":61}},{"start":{"line":3,"column":64},"end":{"line":3,"column":109}}],"line":3},"2":{"loc":{"start":{"line":4,"column":16},"end":{"line":4,"column":34}},"type":"binary-expr","locations":[{"start":{"line":4,"column":16},"end":{"line":4,"column":17}},{"start":{"line":4,"column":22},"end":{"line":4,"column":33}}],"line":4},"3":{"loc":{"start":{"line":7,"column":32},"end":{"line":7,"column":115}},"type":"cond-expr","locations":[{"start":{"line":7,"column":46},"end":{"line":7,"column":67}},{"start":{"line":7,"column":70},"end":{"line":7,"column":115}}],"line":7},"4":{"loc":{"start":{"line":8,"column":51},"end":{"line":8,"column":67}},"type":"binary-expr","locations":[{"start":{"line":8,"column":51},"end":{"line":8,"column":61}},{"start":{"line":8,"column":65},"end":{"line":8,"column":67}}],"line":8},"5":{"loc":{"start":{"line":24,"column":16},"end":{"line":30,"column":17}},"type":"if","locations":[{"start":{"line":24,"column":16},"end":{"line":30,"column":17}},{"start":{"line":24,"column":16},"end":{"line":30,"column":17}}],"line":24},"6":{"loc":{"start":{"line":24,"column":20},"end":{"line":24,"column":70}},"type":"binary-expr","locations":[{"start":{"line":24,"column":20},"end":{"line":24,"column":32}},{"start":{"line":24,"column":36},"end":{"line":24,"column":70}}],"line":24},"7":{"loc":{"start":{"line":33,"column":16},"end":{"line":39,"column":17}},"type":"if","locations":[{"start":{"line":33,"column":16},"end":{"line":39,"column":17}},{"start":{"line":33,"column":16},"end":{"line":39,"column":17}}],"line":33},"8":{"loc":{"start":{"line":33,"column":20},"end":{"line":33,"column":67}},"type":"binary-expr","locations":[{"start":{"line":33,"column":20},"end":{"line":33,"column":38}},{"start":{"line":33,"column":42},"end":{"line":33,"column":67}}],"line":33},"9":{"loc":{"start":{"line":40,"column":16},"end":{"line":57,"column":17}},"type":"if","locations":[{"start":{"line":40,"column":16},"end":{"line":57,"column":17}},{"start":{"line":40,"column":16},"end":{"line":57,"column":17}}],"line":40},"10":{"loc":{"start":{"line":41,"column":20},"end":{"line":56,"column":21}},"type":"if","locations":[{"start":{"line":41,"column":20},"end":{"line":56,"column":21}},{"start":{"line":41,"column":20},"end":{"line":56,"column":21}}],"line":41},"11":{"loc":{"start":{"line":42,"column":35},"end":{"line":42,"column":115}},"type":"cond-expr","locations":[{"start":{"line":42,"column":76},"end":{"line":42,"column":110}},{"start":{"line":42,"column":114},"end":{"line":42,"column":115}}],"line":42},"12":{"loc":{"start":{"line":49,"column":24},"end":{"line":55,"column":25}},"type":"if","locations":[{"start":{"line":49,"column":24},"end":{"line":55,"column":25}},{"start":{"line":49,"column":24},"end":{"line":55,"column":25}}],"line":49},"13":{"loc":{"start":{"line":78,"column":20},"end":{"line":84,"column":21}},"type":"if","locations":[{"start":{"line":78,"column":20},"end":{"line":84,"column":21}},{"start":{"line":78,"column":20},"end":{"line":84,"column":21}}],"line":78},"14":{"loc":{"start":{"line":103,"column":16},"end":{"line":109,"column":17}},"type":"if","locations":[{"start":{"line":103,"column":16},"end":{"line":109,"column":17}},{"start":{"line":103,"column":16},"end":{"line":109,"column":17}}],"line":103},"15":{"loc":{"start":{"line":124,"column":16},"end":{"line":130,"column":17}},"type":"if","locations":[{"start":{"line":124,"column":16},"end":{"line":130,"column":17}},{"start":{"line":124,"column":16},"end":{"line":130,"column":17}}],"line":124},"16":{"loc":{"start":{"line":148,"column":20},"end":{"line":154,"column":21}},"type":"if","locations":[{"start":{"line":148,"column":20},"end":{"line":154,"column":21}},{"start":{"line":148,"column":20},"end":{"line":154,"column":21}}],"line":148},"17":{"loc":{"start":{"line":168,"column":20},"end":{"line":168,"column":36}},"type":"default-arg","locations":[{"start":{"line":168,"column":34},"end":{"line":168,"column":36}}],"line":168},"18":{"loc":{"start":{"line":172,"column":12},"end":{"line":178,"column":13}},"type":"if","locations":[{"start":{"line":172,"column":12},"end":{"line":178,"column":13}},{"start":{"line":172,"column":12},"end":{"line":178,"column":13}}],"line":172},"19":{"loc":{"start":{"line":172,"column":16},"end":{"line":172,"column":49}},"type":"binary-expr","locations":[{"start":{"line":172,"column":16},"end":{"line":172,"column":32}},{"start":{"line":172,"column":36},"end":{"line":172,"column":49}}],"line":172},"20":{"loc":{"start":{"line":181,"column":20},"end":{"line":183,"column":21}},"type":"if","locations":[{"start":{"line":181,"column":20},"end":{"line":183,"column":21}},{"start":{"line":181,"column":20},"end":{"line":183,"column":21}}],"line":181},"21":{"loc":{"start":{"line":181,"column":24},"end":{"line":181,"column":71}},"type":"binary-expr","locations":[{"start":{"line":181,"column":24},"end":{"line":181,"column":34}},{"start":{"line":181,"column":38},"end":{"line":181,"column":71}}],"line":181},"22":{"loc":{"start":{"line":186,"column":23},"end":{"line":186,"column":65}},"type":"cond-expr","locations":[{"start":{"line":186,"column":53},"end":{"line":186,"column":58}},{"start":{"line":186,"column":61},"end":{"line":186,"column":65}}],"line":186},"23":{"loc":{"start":{"line":189,"column":16},"end":{"line":192,"column":17}},"type":"if","locations":[{"start":{"line":189,"column":16},"end":{"line":192,"column":17}},{"start":{"line":189,"column":16},"end":{"line":192,"column":17}}],"line":189},"24":{"loc":{"start":{"line":196,"column":12},"end":{"line":202,"column":13}},"type":"if","locations":[{"start":{"line":196,"column":12},"end":{"line":202,"column":13}},{"start":{"line":196,"column":12},"end":{"line":202,"column":13}}],"line":196},"25":{"loc":{"start":{"line":214,"column":8},"end":{"line":216,"column":9}},"type":"if","locations":[{"start":{"line":214,"column":8},"end":{"line":216,"column":9}},{"start":{"line":214,"column":8},"end":{"line":216,"column":9}}],"line":214}},"s":{"0":0,"1":0,"2":0,"3":0,"4":0,"5":0,"6":0,"7":0,"8":0,"9":0,"10":0,"11":0,"12":0,"13":0,"14":0,"15":0,"16":0,"17":0,"18":0,"19":0,"20":0,"21":0,"22":0,"23":0,"24":0,"25":0,"26":0,"27":0,"28":0,"29":0,"30":0,"31":0,"32":0,"33":0,"34":0,"35":0,"36":0,"37":0,"38":0,"39":0,"40":0,"41":0,"42":0,"43":0,"44":0,"45":0,"46":0,"47":0,"48":0,"49":0,"50":0,"51":0,"52":0,"53":0,"54":0,"55":0,"56":0,"57":0,"58":0,"59":0,"60":0,"61":0,"62":0,"63":0,"64":0,"65":0,"66":0,"67":0,"68":0,"69":0,"70":0,"71":0,"72":0,"73":0,"74":0,"75":0,"76":0,"77":0,"78":0,"79":0,"80":0,"81":0,"82":0,"83":0,"84":0,"85":0,"86":0,"87":0,"88":0,"89":0,"90":0,"91":0,"92":0,"93":0,"94":0,"95":0,"96":0,"97":0,"98":0,"99":0,"100":0,"101":0,"102":0,"103":0,"104":0,"105":0,"106":0,"107":0,"108":0,"109":0,"110":0,"111":0,"112":0,"113":0,"114":0,"115":0,"116":0},"f":{"0":0,"1":0,"2":0,"3":0,"4":0,"5":0,"6":0,"7":0,"8":0,"9":0,"10":0,"11":0,"12":0,"13":0,"14":0,"15":0,"16":0,"17":0,"18":0,"19":0,"20":0,"21":0,"22":0,"23":0,"24":0,"25":0,"26":0,"27":0,"28":0},"b":{"0":[0,0,0],"1":[0,0],"2":[0,0],"3":[0,0],"4":[0,0],"5":[0,0],"6":[0,0],"7":[0,0],"8":[0,0],"9":[0,0],"10":[0,0],"11":[0,0],"12":[0,0],"13":[0,0],"14":[0,0],"15":[0,0],"16":[0,0],"17":[0],"18":[0,0],"19":[0,0],"20":[0,0],"21":[0,0],"22":[0,0],"23":[0,0],"24":[0,0],"25":[0,0]},"inputSourceMap":{"version":3,"file":"controller.js","sourceRoot":"","sources":["../../../src/controllers/question/controller.ts"],"names":[],"mappings":";;;;;;;;;;;AACA,wFAAiF;AACjF,iFAA0E;AAC1E,mGAA4F;AAE5F,MAAM,kBAAkB;IAIpB;QAeO,QAAG,GAAG,CAAO,GAAY,EAAE,GAAa,EAAE,IAAkB,EAAE,EAAE;YACnE,IAAI;gBACA,MAAM,EAAE,EAAE,EAAE,GAAG,GAAG,CAAC,MAAM,CAAC;gBAC1B,MAAM,EAAE,SAAS,EAAE,SAAS,EAAE,GAAG,GAAG,CAAC,IAAI,CAAC;gBAC1C,MAAM,EAAE,QAAQ,EAAE,EAAE,UAAU,EAAE,EAAE,GAAG,GAAG,CAAC,MAAM,CAAC;gBAChD,IAAI,QAAQ,GAAG,CAAC,CAAC;gBACjB,MAAM,YAAY,GAAG,MAAM,IAAI,CAAC,sBAAsB,CAAC,MAAM,CAAC,EAAC,UAAU,EAAC,CAAC,CAAC;gBAC5E,IAAI,YAAY,IAAI,CAAC,CAAC,YAAY,CAAC,WAAW,KAAK,EAAE,CAAC,EAAE;oBACpD,OAAO,IAAI,CAAC;wBACR,OAAO,EAAE,yBAAyB;wBAClC,KAAK,EAAE,aAAa;wBACpB,MAAM,EAAE,GAAG;qBACd,CAAC,CAAC;iBACN;gBACD,MAAM,aAAa,GAAG,MAAM,IAAI,CAAC,gBAAgB,CAAC,IAAI,CAAC,EAAC,MAAM,EAAE,UAAU,EAAE,WAAW,EAAE,EAAE,EAAC,CAAC,CAAC;gBAC9F,MAAM,iBAAiB,GAAG,MAAM,IAAI,CAAC,kBAAkB,CAAC,IAAI,CAAC,EAAC,WAAW,EAAE,EAAE,EAAC,CAAC,CAAC;gBAChF,IAAI,CAAC,iBAAiB,IAAI,CAAC,iBAAiB,CAAC,MAAM,EAAE;oBACjD,OAAO,IAAI,CAAC;wBACR,OAAO,EAAE,oBAAoB;wBAC7B,KAAK,EAAE,aAAa;wBACpB,MAAM,EAAE,GAAG;qBACd,CAAC,CAAC;iBACN;gBACD,IAAI,SAAS,KAAK,OAAO,EAAE;oBACvB,IAAI,YAAY,EAAE;wBACd,QAAQ,GAAG,CAAC,YAAY,CAAC,QAAQ,IAAI,IAAI,CAAC,GAAG,EAAE,CAAC,CAAC,CAAC,CAAC,CAAC,YAAY,CAAC,QAAQ,GAAG,IAAI,CAAC,GAAG,EAAE,CAAC,CAAC,CAAC,CAAC,CAAC,CAAC;qBAC/F;yBAAM;wBACH,QAAQ,GAAG,SAAS,GAAG,KAAK,CAAC;wBAC7B,MAAM,QAAQ,GAAG,MAAM,IAAI,CAAC,sBAAsB,CAAC,MAAM,CAAC;4BACtD,WAAW,EAAE,EAAE,EAAE,UAAU,EAAE,QAAQ,EAAE,CAAC,IAAI,CAAC,GAAG,EAAE,GAAG,CAAC,SAAS,GAAG,KAAK,CAAC,CAAC;yBAC5E,CAAC,CAAC;wBACH,IAAI,CAAC,QAAQ,EAAE;4BACX,IAAI,CAAC;gCACD,OAAO,EAAE,qBAAqB;gCAC9B,KAAK,EAAE,aAAa;gCACpB,MAAM,EAAE,GAAG;6BACd,CAAC,CAAC;yBACN;qBACJ;iBACJ;gBACD,MAAM,EAAE,KAAK,EAAE,GAAG,GAAG,CAAC,MAAM,CAAC;gBAC7B,GAAG,CAAC,MAAM,CAAC,GAAG,CAAC,CAAC,IAAI,CAAC;oBACjB,OAAO,EAAE,gCAAgC;oBACzC,IAAI,EAAE,iBAAiB;oBACvB,gBAAgB,EAAE,aAAa,CAAC,MAAM;oBACtC,QAAQ;oBACR,KAAK;oBACL,MAAM,EAAE,SAAS;iBACpB,CAAC,CAAC;aACN;YAAC,OAAO,GAAG,EAAE;gBACV,IAAI,CAAC,EAAC,OAAO,EAAE,GAAG,CAAC,OAAO,EAAC,CAAC,CAAC;aAChC;QACL,CAAC,CAAA,CAAA;QAEM,WAAM,GAAI,CAAO,GAAY,EAAE,GAAa,EAAE,IAAkB,EAAE,EAAE;YACvE,IAAI;gBACA,MAAM,EAAE,YAAY,EAAE,UAAU,EAAE,GAAG,GAAG,CAAC,IAAI,CAAC;gBAC9C,MAAM,YAAY,CAAC,OAAO,CAAC,CAAO,QAAQ,EAAE,EAAE;oBAC1C,QAAQ,mBAAK,WAAW,EAAE,UAAU,IAAK,QAAQ,CAAE,CAAC;oBACpD,MAAM,gBAAgB,GAAG,MAAM,IAAI,CAAC,kBAAkB,CAAC,MAAM,CAAC,QAAQ,CAAC,CAAC;oBACxE,IAAI,CAAC,gBAAgB,EAAE;wBACnB,IAAI,CAAC;4BACD,OAAO,EAAE,6BAA6B;4BACtC,KAAK,EAAE,aAAa;4BACpB,MAAM,EAAE,GAAG;yBACd,CAAC,CAAC;qBACN;oBACD,OAAO,gBAAgB,CAAC;gBAC5B,CAAC,CAAA,CAAC,CAAC;gBACH,GAAG,CAAC,MAAM,CAAC,GAAG,CAAC,CAAC,IAAI,CAAC;oBACjB,OAAO,EAAE,kCAAkC;oBAC3C,IAAI,EAAE;wBACF,SAAS,EAAE,YAAY;qBAC1B;oBACD,MAAM,EAAE,SAAS;iBACpB,CAAC,CAAC;aACN;YAAC,OAAO,GAAG,EAAE;gBACV,IAAI,CAAC,EAAC,OAAO,EAAE,GAAG,CAAC,OAAO,EAAC,CAAC,CAAC;aAChC;QACL,CAAC,CAAA,CAAA;QAEM,WAAM,GAAG,CAAO,GAAY,EAAE,GAAa,EAAE,IAAkB,EAAE,EAAE;YACtE,IAAI;gBACA,MAAM,EAAE,UAAU,EAAE,YAAY,EAAE,GAAG,GAAG,CAAC,IAAI,CAAC;gBAC9C,MAAM,QAAQ,GAAG,MAAM,IAAI,CAAC,kBAAkB,CAAC,MAAM,CAAC,EAAC,UAAU,EAAE,YAAY,EAAC,CAAC,CAAC;gBAClF,IAAI,CAAC,QAAQ,EAAE;oBACX,IAAI,CAAC;wBACD,OAAO,EAAE,2BAA2B;wBACpC,KAAK,EAAE,aAAa;wBACpB,MAAM,EAAE,GAAG;qBACd,CAAC,CAAC;iBACN;gBACD,GAAG,CAAC,MAAM,CAAC,GAAG,CAAC,CAAC,IAAI,CAAC;oBACjB,OAAO,EAAE,kCAAkC;oBAC3C,IAAI,EAAE,QAAQ;oBACd,MAAM,EAAE,SAAS;iBACpB,CAAC,CAAC;aACN;YAAC,OAAO,GAAG,EAAE;gBACV,IAAI,CAAC,EAAC,OAAO,EAAE,GAAG,CAAC,OAAO,EAAC,CAAC,CAAC;aAChC;QACL,CAAC,CAAA,CAAA;QAEM,cAAS,GAAG,CAAO,GAAY,EAAE,GAAa,EAAE,IAAkB,EAAE,EAAE;YACzE,IAAI;gBACA,MAAM,EAAE,EAAE,EAAE,GAAG,GAAG,CAAC,MAAM,CAAC;gBAC1B,MAAM,QAAQ,GAAG,MAAM,IAAI,CAAC,kBAAkB,CAAC,MAAM,CAAC,EAAE,CAAC,CAAC;gBAC1D,IAAI,CAAC,QAAQ,CAAC,UAAU,EAAE;oBACtB,IAAI,CAAC;wBACD,OAAO,EAAE,2BAA2B;wBACpC,KAAK,EAAE,aAAa;wBACpB,MAAM,EAAE,GAAG;qBACd,CAAC,CAAC;iBACN;gBACD,GAAG,CAAC,MAAM,CAAC,GAAG,CAAC,CAAC,IAAI,CAAC;oBACjB,OAAO,EAAE,kCAAkC;oBAC3C,IAAI,EAAE,EAAE;oBACR,MAAM,EAAE,SAAS;iBACpB,CAAC,CAAC;aACN;YAAC,OAAO,GAAG,EAAE;gBACV,IAAI,CAAC,EAAC,OAAO,EAAE,GAAG,CAAC,OAAO,EAAC,CAAC,CAAC;aAChC;QACL,CAAC,CAAA,CAAA;QAEM,WAAM,GAAG,CAAO,GAAY,EAAE,GAAa,EAAE,IAAkB,EAAE,EAAE;YACtE,IAAI;gBACA,MAAM,EAAE,EAAE,EAAE,GAAG,GAAG,CAAC,MAAM,CAAC;gBAC1B,MAAM,YAAY,GAAG,MAAM,IAAI,CAAC,kBAAkB,CAAC,IAAI,CAAC,EAAE,WAAW,EAAE,EAAE,EAAE,CAAC,CAAC;gBAC7E,YAAY,CAAC,OAAO,CAAC,CAAM,QAAQ,EAAE,EAAE;oBACnC,MAAM,QAAQ,GAAG,MAAM,IAAI,CAAC,kBAAkB,CAAC,MAAM,CAAC,QAAQ,CAAC,UAAU,CAAC,CAAC;oBAC3E,OAAO,CAAC,GAAG,CAAC,QAAQ,EAAE,MAAM,CAAC,CAAC;oBAC9B,IAAI,CAAC,QAAQ,EAAE;wBACX,IAAI,CAAC;4BACD,OAAO,EAAE,2BAA2B;4BACpC,KAAK,EAAE,aAAa;4BACpB,MAAM,EAAE,GAAG;yBACd,CAAC,CAAC;qBACN;gBACL,CAAC,CAAA,CAAC,CAAC;gBACH,GAAG,CAAC,MAAM,CAAC,GAAG,CAAC,CAAC,IAAI,CAAC;oBACjB,OAAO,EAAE,kCAAkC;oBAC3C,IAAI,EAAE,EAAE;oBACR,MAAM,EAAE,SAAS;iBACpB,CAAC,CAAC;aACN;YAAC,OAAO,GAAG,EAAE;gBACV,IAAI,CAAC,EAAC,OAAO,EAAE,GAAG,CAAC,OAAO,EAAC,CAAC,CAAC;aAChC;QACL,CAAC,CAAA,CAAA;QAEM,kBAAa,GAAG,CAAM,GAAY,EAAE,GAAa,EAAE,IAAkB,EAAE,EAAE;YAC5E,MAAM,EAAE,QAAQ,EAAE,EAAE,UAAU,EAAE,MAAM,EAAE,EAAE,GAAG,GAAG,CAAC,MAAM,CAAC;YACxD,MAAM,EAAE,WAAW,GAAG,EAAE,EAAE,WAAW,EAAE,GAAG,GAAG,CAAC,IAAI,CAAC;YACnD,MAAM,UAAU,GAAG,EAAE,CAAC;YACtB,MAAM,YAAY,GAAG,MAAM,IAAI,CAAC,sBAAsB,CAAC,MAAM,CAAC,MAAM,CAAC,CAAC;YACtE,MAAM,QAAQ,GAAG,MAAM,IAAI,CAAC,kBAAkB,CAAC,IAAI,CAAC,EAAC,WAAW,EAAC,CAAC,CAAC;YACnE,IAAI,CAAC,QAAQ,CAAC,MAAM,IAAI,CAAC,YAAY,EAAE;gBACnC,OAAO,IAAI,CAAC;oBACR,OAAO,EAAE,mBAAmB;oBAC5B,KAAK,EAAE,aAAa;oBACpB,MAAM,EAAE,GAAG;iBACd,CAAC,CAAC;aACN;YACD,MAAM,aAAa,GAAG,CAAC,UAAU,EAAE,WAAW,EAAE,EAAE;gBAC9C,MAAM,WAAW,GAAG,WAAW,CAAC,GAAG,CAAC,CAAC,OAAO,EAAE,EAAE;oBAC5C,IAAK,UAAU,IAAI,CAAC,GAAG,UAAU,CAAC,CAAC,QAAQ,CAAC,OAAO,CAAC,EAAE;wBAClD,OAAO,IAAI,CAAC;qBACf;oBACD,OAAO,KAAK,CAAC;gBACjB,CAAC,CAAC,CAAC;gBACF,OAAO,WAAW,CAAC,QAAQ,CAAC,KAAK,CAAC,CAAC,CAAC,CAAC,KAAK,CAAC,CAAC,CAAC,IAAI,CAAC;YACvD,CAAC,CAAC;YACF,QAAQ,CAAC,OAAO,CAAC,CAAM,EAAE,UAAU,EAAE,aAAa,EAAE,KAAK,EAAE,EAAE,EAAE;gBAC3D,IAAI,aAAa,CAAC,WAAW,CAAC,UAAU,CAAC,EAAE,CAAC,GAAG,aAAa,CAAC,CAAC,EAAE;oBAC5D,UAAU,CAAC,UAAU,CAAC,GAAG,CAAC,KAAK,EAAE,aAAa,EAAE,WAAW,CAAC,UAAU,CAAC,EAAE,KAAK,CAAC,CAAC;oBAChF,OAAO;iBACV;gBACD,UAAU,CAAC,UAAU,CAAC,GAAG,CAAC,CAAC,EAAE,aAAa,EAAE,WAAW,CAAC,UAAU,CAAC,EAAE,KAAK,CAAC,CAAC;YAChF,CAAC,CAAA,CAAC,CAAC;YACH,MAAM,cAAc,GAAG,MAAM,IAAI,CAAC,gBAAgB,CAAC,YAAY,CAAC,EAAC,MAAM,EAAE,UAAU,EAAE,MAAM,EAAE,WAAW,EAAC,CAAC,CAAC;YAC3G,IAAI,CAAC,cAAc,EAAE;gBACjB,IAAI,CAAC;oBACD,OAAO,EAAE,kBAAkB;oBAC3B,KAAK,EAAE,aAAa;oBACpB,MAAM,EAAE,GAAG;iBACd,CAAC,CAAC;aACN;YACD,GAAG,CAAC,MAAM,CAAC,GAAG,CAAC,CAAC,IAAI,CAAC;gBACjB,OAAO,EAAE,6BAA6B;gBACtC,IAAI,EAAE,cAAc;gBACpB,MAAM,EAAE,SAAS;aACpB,CAAC,CAAC;QACP,CAAC,CAAA,CAAA;QA5MG,IAAI,CAAC,kBAAkB,GAAG,IAAI,4BAAkB,EAAE,CAAC;QACnD,IAAI,CAAC,gBAAgB,GAAG,IAAI,0BAAgB,EAAE,CAAC;QAC/C,IAAI,CAAC,sBAAsB,GAAG,IAAI,gCAAsB,EAAE,CAAC;IAC/D,CAAC;IAGD,MAAM,CAAC,WAAW;QACd,IAAI,kBAAkB,CAAC,QAAQ,EAAE;YAC7B,OAAO,kBAAkB,CAAC,QAAQ,CAAC;SACtC;QACD,kBAAkB,CAAC,QAAQ,GAAG,IAAI,kBAAkB,EAAE,CAAC;QACvD,OAAO,kBAAkB,CAAC,QAAQ,CAAC;IACvC,CAAC;CAiMJ;AAED,kBAAe,kBAAkB,CAAC,WAAW,EAAE,CAAC"},"all":true},"/home/mudit.rajput/AfterTraining/examination-server/dist/controllers/question/index.js":{"path":"/home/mudit.rajput/AfterTraining/examination-server/dist/controllers/question/index.js","statementMap":{"0":{"start":{"line":2,"column":0},"end":{"line":2,"column":62}},"1":{"start":{"line":3,"column":0},"end":{"line":3,"column":32}},"2":{"start":{"line":4,"column":15},"end":{"line":4,"column":34}},"3":{"start":{"line":5,"column":0},"end":{"line":5,"column":118}},"4":{"start":{"line":5,"column":88},"end":{"line":5,"column":112}}},"fnMap":{"0":{"name":"(anonymous_0)","decl":{"start":{"line":5,"column":74},"end":{"line":5,"column":75}},"loc":{"start":{"line":5,"column":86},"end":{"line":5,"column":114}},"line":5}},"branchMap":{},"s":{"0":0,"1":0,"2":0,"3":0,"4":0},"f":{"0":0},"b":{},"inputSourceMap":{"version":3,"file":"index.js","sourceRoot":"","sources":["../../../src/controllers/question/index.ts"],"names":[],"mappings":";;;AAAA,mCAAqD;AAA5C,wGAAA,OAAO,OAAkB"},"all":true},"/home/mudit.rajput/AfterTraining/examination-server/dist/controllers/question/routes.js":{"path":"/home/mudit.rajput/AfterTraining/examination-server/dist/controllers/question/routes.js","statementMap":{"0":{"start":{"line":2,"column":0},"end":{"line":2,"column":62}},"1":{"start":{"line":3,"column":18},"end":{"line":3,"column":36}},"2":{"start":{"line":4,"column":21},"end":{"line":4,"column":44}},"3":{"start":{"line":5,"column":28},"end":{"line":5,"column":67}},"4":{"start":{"line":6,"column":21},"end":{"line":6,"column":44}},"5":{"start":{"line":7,"column":17},"end":{"line":7,"column":45}},"6":{"start":{"line":8,"column":23},"end":{"line":8,"column":41}},"7":{"start":{"line":9,"column":0},"end":{"line":11,"column":142}},"8":{"start":{"line":12,"column":0},"end":{"line":14,"column":149}},"9":{"start":{"line":15,"column":0},"end":{"line":16,"column":156}},"10":{"start":{"line":17,"column":0},"end":{"line":18,"column":146}},"11":{"start":{"line":19,"column":0},"end":{"line":19,"column":33}}},"fnMap":{},"branchMap":{},"s":{"0":0,"1":0,"2":0,"3":0,"4":0,"5":0,"6":0,"7":0,"8":0,"9":0,"10":0,"11":0},"f":{},"b":{},"inputSourceMap":{"version":3,"file":"routes.js","sourceRoot":"","sources":["../../../src/controllers/question/routes.ts"],"names":[],"mappings":";;AAAA,qCAAiC;AACjC,6CAA8C;AAC9C,oEAA6D;AAC7D,6CAAsC;AACtC,8CAAmD;AAEnD,MAAM,cAAc,GAAG,gBAAM,EAAE,CAAC;AAChC,cAAc,CAAC,KAAK,CAAC,GAAG,CAAC;KACxB,IAAI,CAAC,uBAAc,CAAC,UAAU,EAAE,OAAO,CAAC,EAAE,2BAAiB,CAAC,oBAAU,CAAC,MAAM,CAAC,EAAE,oBAAkB,CAAC,MAAM,CAAC;KAC1G,GAAG,CAAC,uBAAc,CAAC,UAAU,EAAE,OAAO,CAAC,EAAE,2BAAiB,CAAC,oBAAU,CAAC,MAAM,CAAC,EAAE,oBAAkB,CAAC,MAAM,CAAC,CAAC;AAE3G,cAAc,CAAC,KAAK,CAAC,MAAM,CAAC;KACvB,GAAG,CAAC,uBAAc,CAAC,UAAU,EAAE,MAAM,CAAC,EAAE,2BAAiB,CAAC,oBAAU,CAAC,GAAG,CAAC,EAAE,oBAAkB,CAAC,GAAG,CAAC;KAClG,MAAM,CAAC,uBAAc,CAAC,UAAU,EAAE,QAAQ,CAAC,EAAE,2BAAiB,CAAC,oBAAU,CAAC,MAAM,CAAC,EAAE,oBAAkB,CAAC,SAAS,CAAC,CAAC;AAEtH,cAAc,CAAC,KAAK,CAAC,SAAS,CAAC;KAC1B,IAAI,CAAC,uBAAc,CAAC,UAAU,EAAE,MAAM,CAAC,EAAE,2BAAiB,CAAC,oBAAU,CAAC,aAAa,CAAC,EAAE,oBAAkB,CAAC,aAAa,CAAC,CAAC;AAE7H,cAAc,CAAC,KAAK,CAAC,aAAa,CAAC;KAC9B,MAAM,CAAC,uBAAc,CAAC,UAAU,EAAE,QAAQ,CAAC,EAAE,2BAAiB,CAAC,oBAAU,CAAC,MAAM,CAAC,EAAE,oBAAkB,CAAC,MAAM,CAAC,CAAC;AAEnH,kBAAe,cAAc,CAAC"},"all":true},"/home/mudit.rajput/AfterTraining/examination-server/dist/controllers/question/validation.js":{"path":"/home/mudit.rajput/AfterTraining/examination-server/dist/controllers/question/validation.js","statementMap":{"0":{"start":{"line":2,"column":0},"end":{"line":2,"column":62}},"1":{"start":{"line":3,"column":19},"end":{"line":72,"column":1}},"2":{"start":{"line":73,"column":0},"end":{"line":73,"column":29}}},"fnMap":{},"branchMap":{},"s":{"0":0,"1":0,"2":0},"f":{},"b":{},"inputSourceMap":{"version":3,"file":"validation.js","sourceRoot":"","sources":["../../../src/controllers/question/validation.ts"],"names":[],"mappings":";;AAAA,MAAM,UAAU,GAAG;IACf,MAAM,EAAE;QACJ,UAAU,EAAE;YACR,QAAQ,EAAE,IAAI;YACd,MAAM,EAAE,IAAI;YACZ,EAAE,EAAE,CAAC,MAAM,CAAC;YACZ,YAAY,EAAE,oBAAoB;SACrC;QACD,YAAY,EAAE;YACV,QAAQ,EAAE,IAAI;YACd,EAAE,EAAE,CAAC,MAAM,CAAC;YACZ,YAAY,EAAE,yBAAyB;SAC1C;KACJ;IACD,GAAG,EAAE;QACD,EAAE,EAAE;YACA,QAAQ,EAAE,IAAI;YACd,MAAM,EAAE,IAAI;YACZ,EAAE,EAAE,CAAC,QAAQ,CAAC;YACd,YAAY,EAAE,eAAe;SAChC;QACD,SAAS,EAAE;YACP,QAAQ,EAAE,KAAK;YACf,MAAM,EAAE,IAAI;YACZ,EAAE,EAAE,CAAC,OAAO,CAAC;YACb,OAAO,EAAE,CAAC;SACb;QACD,SAAS,EAAE;YACP,QAAQ,EAAE,KAAK;YACf,MAAM,EAAE,IAAI;YACZ,EAAE,EAAE,CAAC,OAAO,CAAC;YACb,OAAO,EAAE,IAAI;SAChB;KACJ;IACD,MAAM,EAAE;QACJ,EAAE,EAAE;YACA,QAAQ,EAAE,IAAI;YACd,MAAM,EAAE,IAAI;YACZ,YAAY,EAAE,gBAAgB;YAC9B,EAAE,EAAE,CAAC,QAAQ,CAAC;SACjB;KACJ;IACD,MAAM,EAAE;QACJ,UAAU,EAAE;YACR,QAAQ,EAAE,IAAI;YACd,MAAM,EAAE,IAAI;YACZ,EAAE,EAAE,CAAC,MAAM,CAAC;SACf;QACD,YAAY,EAAE;YACV,EAAE,EAAE,CAAC,MAAM,CAAC;YACZ,QAAQ,EAAE,IAAI;YACd,QAAQ,EAAE,IAAI;YACd,YAAY,EAAE,0BAA0B;SAC3C;KACJ;IACD,aAAa,EAAE;QACX,WAAW,EAAE;YACT,QAAQ,EAAE,IAAI;YACd,MAAM,EAAE,IAAI;YACZ,EAAE,EAAE,CAAC,MAAM,CAAC;YACZ,YAAY,EAAE,yBAAyB;SAC1C;QACD,WAAW,EAAE;YACT,QAAQ,EAAE,KAAK;YACf,QAAQ,EAAE,IAAI;YACd,EAAE,EAAE,CAAC,MAAM,CAAC;YACZ,YAAY,EAAE,wBAAwB;SACzC;KACJ;CACJ,CAAC;AACF,kBAAe,UAAU,CAAC"},"all":true},"/home/mudit.rajput/AfterTraining/examination-server/dist/controllers/result/controller.js":{"path":"/home/mudit.rajput/AfterTraining/examination-server/dist/controllers/result/controller.js","statementMap":{"0":{"start":{"line":2,"column":16},"end":{"line":10,"column":1}},"1":{"start":{"line":3,"column":28},"end":{"line":3,"column":110}},"2":{"start":{"line":3,"column":91},"end":{"line":3,"column":106}},"3":{"start":{"line":4,"column":4},"end":{"line":9,"column":7}},"4":{"start":{"line":5,"column":36},"end":{"line":5,"column":97}},"5":{"start":{"line":5,"column":42},"end":{"line":5,"column":70}},"6":{"start":{"line":5,"column":85},"end":{"line":5,"column":95}},"7":{"start":{"line":6,"column":35},"end":{"line":6,"column":100}},"8":{"start":{"line":6,"column":41},"end":{"line":6,"column":73}},"9":{"start":{"line":6,"column":88},"end":{"line":6,"column":98}},"10":{"start":{"line":7,"column":32},"end":{"line":7,"column":116}},"11":{"start":{"line":8,"column":8},"end":{"line":8,"column":78}},"12":{"start":{"line":11,"column":0},"end":{"line":11,"column":62}},"13":{"start":{"line":12,"column":32},"end":{"line":12,"column":95}},"14":{"start":{"line":13,"column":27},"end":{"line":13,"column":80}},"15":{"start":{"line":16,"column":8},"end":{"line":53,"column":11}},"16":{"start":{"line":16,"column":39},"end":{"line":53,"column":10}},"17":{"start":{"line":17,"column":12},"end":{"line":52,"column":13}},"18":{"start":{"line":18,"column":53},"end":{"line":18,"column":63}},"19":{"start":{"line":19,"column":33},"end":{"line":19,"column":79}},"20":{"start":{"line":20,"column":16},"end":{"line":26,"column":17}},"21":{"start":{"line":21,"column":20},"end":{"line":25,"column":23}},"22":{"start":{"line":27,"column":37},"end":{"line":27,"column":76}},"23":{"start":{"line":28,"column":16},"end":{"line":34,"column":17}},"24":{"start":{"line":29,"column":20},"end":{"line":33,"column":23}},"25":{"start":{"line":35,"column":39},"end":{"line":35,"column":41}},"26":{"start":{"line":36,"column":16},"end":{"line":43,"column":19}},"27":{"start":{"line":37,"column":20},"end":{"line":42,"column":23}},"28":{"start":{"line":38,"column":24},"end":{"line":41,"column":25}},"29":{"start":{"line":39,"column":28},"end":{"line":39,"column":62}},"30":{"start":{"line":40,"column":28},"end":{"line":40,"column":56}},"31":{"start":{"line":44,"column":16},"end":{"line":48,"column":19}},"32":{"start":{"line":51,"column":16},"end":{"line":51,"column":47}},"33":{"start":{"line":54,"column":8},"end":{"line":74,"column":11}},"34":{"start":{"line":54,"column":43},"end":{"line":74,"column":10}},"35":{"start":{"line":55,"column":12},"end":{"line":73,"column":13}},"36":{"start":{"line":56,"column":31},"end":{"line":56,"column":39}},"37":{"start":{"line":57,"column":33},"end":{"line":57,"column":87}},"38":{"start":{"line":58,"column":16},"end":{"line":64,"column":17}},"39":{"start":{"line":59,"column":20},"end":{"line":63,"column":23}},"40":{"start":{"line":65,"column":16},"end":{"line":69,"column":19}},"41":{"start":{"line":72,"column":16},"end":{"line":72,"column":47}},"42":{"start":{"line":75,"column":8},"end":{"line":75,"column":75}},"43":{"start":{"line":76,"column":8},"end":{"line":76,"column":65}},"44":{"start":{"line":79,"column":8},"end":{"line":81,"column":9}},"45":{"start":{"line":80,"column":12},"end":{"line":80,"column":45}},"46":{"start":{"line":82,"column":8},"end":{"line":82,"column":59}},"47":{"start":{"line":83,"column":8},"end":{"line":83,"column":41}},"48":{"start":{"line":86,"column":0},"end":{"line":86,"column":49}}},"fnMap":{"0":{"name":"(anonymous_0)","decl":{"start":{"line":2,"column":44},"end":{"line":2,"column":45}},"loc":{"start":{"line":2,"column":89},"end":{"line":10,"column":1}},"line":2},"1":{"name":"adopt","decl":{"start":{"line":3,"column":13},"end":{"line":3,"column":18}},"loc":{"start":{"line":3,"column":26},"end":{"line":3,"column":112}},"line":3},"2":{"name":"(anonymous_2)","decl":{"start":{"line":3,"column":70},"end":{"line":3,"column":71}},"loc":{"start":{"line":3,"column":89},"end":{"line":3,"column":108}},"line":3},"3":{"name":"(anonymous_3)","decl":{"start":{"line":4,"column":36},"end":{"line":4,"column":37}},"loc":{"start":{"line":4,"column":63},"end":{"line":9,"column":5}},"line":4},"4":{"name":"fulfilled","decl":{"start":{"line":5,"column":17},"end":{"line":5,"column":26}},"loc":{"start":{"line":5,"column":34},"end":{"line":5,"column":99}},"line":5},"5":{"name":"rejected","decl":{"start":{"line":6,"column":17},"end":{"line":6,"column":25}},"loc":{"start":{"line":6,"column":33},"end":{"line":6,"column":102}},"line":6},"6":{"name":"step","decl":{"start":{"line":7,"column":17},"end":{"line":7,"column":21}},"loc":{"start":{"line":7,"column":30},"end":{"line":7,"column":118}},"line":7},"7":{"name":"(anonymous_7)","decl":{"start":{"line":15,"column":4},"end":{"line":15,"column":5}},"loc":{"start":{"line":15,"column":18},"end":{"line":77,"column":5}},"line":15},"8":{"name":"(anonymous_8)","decl":{"start":{"line":16,"column":19},"end":{"line":16,"column":20}},"loc":{"start":{"line":16,"column":39},"end":{"line":53,"column":10}},"line":16},"9":{"name":"(anonymous_9)","decl":{"start":{"line":16,"column":71},"end":{"line":16,"column":72}},"loc":{"start":{"line":16,"column":84},"end":{"line":53,"column":9}},"line":16},"10":{"name":"(anonymous_10)","decl":{"start":{"line":36,"column":33},"end":{"line":36,"column":34}},"loc":{"start":{"line":36,"column":45},"end":{"line":43,"column":17}},"line":36},"11":{"name":"(anonymous_11)","decl":{"start":{"line":37,"column":41},"end":{"line":37,"column":42}},"loc":{"start":{"line":37,"column":51},"end":{"line":42,"column":21}},"line":37},"12":{"name":"(anonymous_12)","decl":{"start":{"line":54,"column":23},"end":{"line":54,"column":24}},"loc":{"start":{"line":54,"column":43},"end":{"line":74,"column":10}},"line":54},"13":{"name":"(anonymous_13)","decl":{"start":{"line":54,"column":75},"end":{"line":54,"column":76}},"loc":{"start":{"line":54,"column":88},"end":{"line":74,"column":9}},"line":54},"14":{"name":"(anonymous_14)","decl":{"start":{"line":78,"column":4},"end":{"line":78,"column":5}},"loc":{"start":{"line":78,"column":25},"end":{"line":84,"column":5}},"line":78}},"branchMap":{"0":{"loc":{"start":{"line":2,"column":16},"end":{"line":10,"column":1}},"type":"binary-expr","locations":[{"start":{"line":2,"column":17},"end":{"line":2,"column":21}},{"start":{"line":2,"column":25},"end":{"line":2,"column":39}},{"start":{"line":2,"column":44},"end":{"line":10,"column":1}}],"line":2},"1":{"loc":{"start":{"line":3,"column":35},"end":{"line":3,"column":109}},"type":"cond-expr","locations":[{"start":{"line":3,"column":56},"end":{"line":3,"column":61}},{"start":{"line":3,"column":64},"end":{"line":3,"column":109}}],"line":3},"2":{"loc":{"start":{"line":4,"column":16},"end":{"line":4,"column":34}},"type":"binary-expr","locations":[{"start":{"line":4,"column":16},"end":{"line":4,"column":17}},{"start":{"line":4,"column":22},"end":{"line":4,"column":33}}],"line":4},"3":{"loc":{"start":{"line":7,"column":32},"end":{"line":7,"column":115}},"type":"cond-expr","locations":[{"start":{"line":7,"column":46},"end":{"line":7,"column":67}},{"start":{"line":7,"column":70},"end":{"line":7,"column":115}}],"line":7},"4":{"loc":{"start":{"line":8,"column":51},"end":{"line":8,"column":67}},"type":"binary-expr","locations":[{"start":{"line":8,"column":51},"end":{"line":8,"column":61}},{"start":{"line":8,"column":65},"end":{"line":8,"column":67}}],"line":8},"5":{"loc":{"start":{"line":20,"column":16},"end":{"line":26,"column":17}},"type":"if","locations":[{"start":{"line":20,"column":16},"end":{"line":26,"column":17}},{"start":{"line":20,"column":16},"end":{"line":26,"column":17}}],"line":20},"6":{"loc":{"start":{"line":28,"column":16},"end":{"line":34,"column":17}},"type":"if","locations":[{"start":{"line":28,"column":16},"end":{"line":34,"column":17}},{"start":{"line":28,"column":16},"end":{"line":34,"column":17}}],"line":28},"7":{"loc":{"start":{"line":38,"column":24},"end":{"line":41,"column":25}},"type":"if","locations":[{"start":{"line":38,"column":24},"end":{"line":41,"column":25}},{"start":{"line":38,"column":24},"end":{"line":41,"column":25}}],"line":38},"8":{"loc":{"start":{"line":58,"column":16},"end":{"line":64,"column":17}},"type":"if","locations":[{"start":{"line":58,"column":16},"end":{"line":64,"column":17}},{"start":{"line":58,"column":16},"end":{"line":64,"column":17}}],"line":58},"9":{"loc":{"start":{"line":79,"column":8},"end":{"line":81,"column":9}},"type":"if","locations":[{"start":{"line":79,"column":8},"end":{"line":81,"column":9}},{"start":{"line":79,"column":8},"end":{"line":81,"column":9}}],"line":79}},"s":{"0":0,"1":0,"2":0,"3":0,"4":0,"5":0,"6":0,"7":0,"8":0,"9":0,"10":0,"11":0,"12":0,"13":0,"14":0,"15":0,"16":0,"17":0,"18":0,"19":0,"20":0,"21":0,"22":0,"23":0,"24":0,"25":0,"26":0,"27":0,"28":0,"29":0,"30":0,"31":0,"32":0,"33":0,"34":0,"35":0,"36":0,"37":0,"38":0,"39":0,"40":0,"41":0,"42":0,"43":0,"44":0,"45":0,"46":0,"47":0,"48":0},"f":{"0":0,"1":0,"2":0,"3":0,"4":0,"5":0,"6":0,"7":0,"8":0,"9":0,"10":0,"11":0,"12":0,"13":0,"14":0},"b":{"0":[0,0,0],"1":[0,0],"2":[0,0],"3":[0,0],"4":[0,0],"5":[0,0],"6":[0,0],"7":[0,0],"8":[0,0],"9":[0,0]},"inputSourceMap":{"version":3,"file":"controller.js","sourceRoot":"","sources":["../../../src/controllers/result/controller.ts"],"names":[],"mappings":";;;;;;;;;;;AACA,gGAAyF;AACzF,iFAA0E;AAE1E,MAAM,gBAAgB;IAGlB;QAcO,QAAG,GAAG,CAAO,GAAY,EAAE,GAAa,EAAE,IAAkB,EAAE,EAAE;YACnE,IAAI;gBACA,MAAM,EAAE,QAAQ,EAAE,EAAE,UAAU,EAAE,EAAE,GAAG,GAAG,CAAC,MAAM,CAAC;gBAChD,MAAM,QAAQ,GAAG,MAAM,IAAI,CAAC,gBAAgB,CAAC,MAAM,CAAC,UAAU,CAAC,CAAC;gBAChE,IAAI,CAAC,QAAQ,CAAC,MAAM,EAAE;oBAClB,IAAI,CAAC;wBACD,OAAO,EAAE,kBAAkB;wBAC3B,KAAK,EAAE,aAAa;wBACpB,MAAM,EAAE,GAAG;qBACd,CAAC,CAAC;iBACN;gBACD,MAAM,YAAY,GAAG,MAAM,IAAI,CAAC,qBAAqB,CAAC,IAAI,EAAE,CAAC;gBAC7D,IAAI,CAAC,YAAY,CAAC,MAAM,EAAE;oBACtB,IAAI,CAAC;wBACD,OAAO,EAAE,kBAAkB;wBAC3B,KAAK,EAAE,aAAa;wBACpB,MAAM,EAAE,GAAG;qBACd,CAAC,CAAC;iBACN;gBACD,MAAM,cAAc,GAAG,EAAE,CAAC;gBAC1B,QAAQ,CAAC,OAAO,CAAC,CAAC,MAAM,EAAE,EAAE;oBACxB,YAAY,CAAC,OAAO,CAAC,CAAC,IAAI,EAAE,EAAE;wBAC1B,IAAI,MAAM,CAAC,WAAW,KAAK,IAAI,CAAC,UAAU,EAAE;4BACxC,MAAM,CAAC,WAAW,GAAG,IAAI,CAAC,OAAO,CAAC;4BAClC,cAAc,CAAC,IAAI,CAAC,MAAM,CAAC,CAAC;yBAC/B;oBACL,CAAC,CAAC,CAAC;gBACP,CAAC,CAAC,CAAC;gBACH,GAAG,CAAC,MAAM,CAAC,GAAG,CAAC,CAAC,IAAI,CAAC;oBACjB,OAAO,EAAE,8BAA8B;oBACvC,IAAI,EAAE,cAAc;oBACpB,MAAM,EAAE,SAAS;iBACpB,CAAC,CAAC;aACN;YAAC,OAAO,GAAG,EAAE;gBACV,IAAI,CAAC,EAAC,OAAO,EAAE,GAAG,CAAC,OAAO,EAAC,CAAC,CAAC;aAChC;QACL,CAAC,CAAA,CAAA;QAEM,YAAO,GAAI,CAAO,GAAY,EAAE,GAAa,EAAE,IAAkB,EAAE,EAAE;YACxE,IAAI;gBACA,MAAM,EAAE,EAAE,EAAE,GAAG,GAAG,CAAC,IAAI,CAAC;gBACxB,MAAM,QAAQ,GAAG,MAAM,IAAI,CAAC,gBAAgB,CAAC,MAAM,CAAC,EAAE,UAAU,EAAE,EAAE,EAAE,CAAC,CAAC;gBACxE,IAAI,CAAC,QAAQ,EAAE;oBACX,OAAO,IAAI,CAAC;wBACR,OAAO,EAAE,kBAAkB;wBAC3B,KAAK,EAAE,aAAa;wBACpB,MAAM,EAAE,GAAG;qBACd,CAAC,CAAC;iBACN;gBACD,GAAG,CAAC,MAAM,CAAC,GAAG,CAAC,CAAC,IAAI,CAAC;oBACjB,OAAO,EAAE,6BAA6B;oBACtC,IAAI,EAAE,QAAQ;oBACd,MAAM,EAAE,SAAS;iBACpB,CAAC,CAAC;aACN;YAAC,OAAO,GAAG,EAAE;gBACV,IAAI,CAAC,EAAC,OAAO,EAAE,GAAG,CAAC,OAAO,EAAC,CAAC,CAAC;aAChC;QACL,CAAC,CAAA,CAAA;QAtEG,IAAI,CAAC,qBAAqB,GAAG,IAAI,+BAAqB,EAAE,CAAC;QACzD,IAAI,CAAC,gBAAgB,GAAG,IAAI,0BAAgB,EAAE,CAAC;IACnD,CAAC;IAGD,MAAM,CAAC,WAAW;QACd,IAAI,gBAAgB,CAAC,QAAQ,EAAE;YAC3B,OAAO,gBAAgB,CAAC,QAAQ,CAAC;SACpC;QACD,gBAAgB,CAAC,QAAQ,GAAG,IAAI,gBAAgB,EAAE,CAAC;QACnD,OAAO,gBAAgB,CAAC,QAAQ,CAAC;IACrC,CAAC;CA4DJ;AAED,kBAAe,gBAAgB,CAAC,WAAW,EAAE,CAAC"},"all":true},"/home/mudit.rajput/AfterTraining/examination-server/dist/controllers/result/index.js":{"path":"/home/mudit.rajput/AfterTraining/examination-server/dist/controllers/result/index.js","statementMap":{"0":{"start":{"line":2,"column":0},"end":{"line":2,"column":62}},"1":{"start":{"line":3,"column":0},"end":{"line":3,"column":30}},"2":{"start":{"line":4,"column":15},"end":{"line":4,"column":34}},"3":{"start":{"line":5,"column":0},"end":{"line":5,"column":116}},"4":{"start":{"line":5,"column":86},"end":{"line":5,"column":110}}},"fnMap":{"0":{"name":"(anonymous_0)","decl":{"start":{"line":5,"column":72},"end":{"line":5,"column":73}},"loc":{"start":{"line":5,"column":84},"end":{"line":5,"column":112}},"line":5}},"branchMap":{},"s":{"0":0,"1":0,"2":0,"3":0,"4":0},"f":{"0":0},"b":{},"inputSourceMap":{"version":3,"file":"index.js","sourceRoot":"","sources":["../../../src/controllers/result/index.ts"],"names":[],"mappings":";;;AAAA,mCAAmD;AAA1C,sGAAA,OAAO,OAAgB"},"all":true},"/home/mudit.rajput/AfterTraining/examination-server/dist/controllers/result/routes.js":{"path":"/home/mudit.rajput/AfterTraining/examination-server/dist/controllers/result/routes.js","statementMap":{"0":{"start":{"line":2,"column":0},"end":{"line":2,"column":62}},"1":{"start":{"line":3,"column":18},"end":{"line":3,"column":36}},"2":{"start":{"line":4,"column":21},"end":{"line":4,"column":44}},"3":{"start":{"line":5,"column":28},"end":{"line":5,"column":67}},"4":{"start":{"line":6,"column":21},"end":{"line":6,"column":44}},"5":{"start":{"line":7,"column":17},"end":{"line":7,"column":45}},"6":{"start":{"line":8,"column":21},"end":{"line":8,"column":39}},"7":{"start":{"line":9,"column":0},"end":{"line":10,"column":80}},"8":{"start":{"line":11,"column":0},"end":{"line":12,"column":139}},"9":{"start":{"line":13,"column":0},"end":{"line":13,"column":31}}},"fnMap":{},"branchMap":{},"s":{"0":0,"1":0,"2":0,"3":0,"4":0,"5":0,"6":0,"7":0,"8":0,"9":0},"f":{},"b":{},"inputSourceMap":{"version":3,"file":"routes.js","sourceRoot":"","sources":["../../../src/controllers/result/routes.ts"],"names":[],"mappings":";;AAAA,qCAAiC;AACjC,6CAA4C;AAC5C,oEAA6D;AAC7D,6CAAsC;AACtC,8CAAmD;AAEnD,MAAM,YAAY,GAAG,gBAAM,EAAE,CAAC;AAC9B,YAAY,CAAC,KAAK,CAAC,GAAG,CAAC;KAClB,GAAG,CAAC,uBAAc,CAAC,UAAU,EAAE,MAAM,CAAC,EAAE,oBAAgB,CAAC,GAAG,CAAC,CAAC;AAEnE,YAAY,CAAC,KAAK,CAAC,MAAM,CAAC;KACrB,GAAG,CAAC,uBAAc,CAAC,UAAU,EAAE,MAAM,CAAC,EAAE,2BAAiB,CAAC,oBAAU,CAAC,GAAG,CAAC,EAAE,oBAAgB,CAAC,OAAO,CAAC,CAAC;AAE1G,kBAAe,YAAY,CAAC"},"all":true},"/home/mudit.rajput/AfterTraining/examination-server/dist/controllers/result/validation.js":{"path":"/home/mudit.rajput/AfterTraining/examination-server/dist/controllers/result/validation.js","statementMap":{"0":{"start":{"line":2,"column":0},"end":{"line":2,"column":62}},"1":{"start":{"line":3,"column":19},"end":{"line":12,"column":1}},"2":{"start":{"line":13,"column":0},"end":{"line":13,"column":29}}},"fnMap":{},"branchMap":{},"s":{"0":0,"1":0,"2":0},"f":{},"b":{},"inputSourceMap":{"version":3,"file":"validation.js","sourceRoot":"","sources":["../../../src/controllers/result/validation.ts"],"names":[],"mappings":";;AAAA,MAAM,UAAU,GAAG;IACf,GAAG,EAAE;QACD,EAAE,EAAE;YACA,QAAQ,EAAE,IAAI;YACd,MAAM,EAAE,IAAI;YACZ,EAAE,EAAE,CAAC,QAAQ,CAAC;YACd,YAAY,EAAE,eAAe;SAChC;KACJ;CACJ,CAAC;AACF,kBAAe,UAAU,CAAC"},"all":true},"/home/mudit.rajput/AfterTraining/examination-server/dist/controllers/trainee/Controller.js":{"path":"/home/mudit.rajput/AfterTraining/examination-server/dist/controllers/trainee/Controller.js","statementMap":{"0":{"start":{"line":2,"column":16},"end":{"line":10,"column":1}},"1":{"start":{"line":3,"column":28},"end":{"line":3,"column":110}},"2":{"start":{"line":3,"column":91},"end":{"line":3,"column":106}},"3":{"start":{"line":4,"column":4},"end":{"line":9,"column":7}},"4":{"start":{"line":5,"column":36},"end":{"line":5,"column":97}},"5":{"start":{"line":5,"column":42},"end":{"line":5,"column":70}},"6":{"start":{"line":5,"column":85},"end":{"line":5,"column":95}},"7":{"start":{"line":6,"column":35},"end":{"line":6,"column":100}},"8":{"start":{"line":6,"column":41},"end":{"line":6,"column":73}},"9":{"start":{"line":6,"column":88},"end":{"line":6,"column":98}},"10":{"start":{"line":7,"column":32},"end":{"line":7,"column":116}},"11":{"start":{"line":8,"column":8},"end":{"line":8,"column":78}},"12":{"start":{"line":11,"column":13},"end":{"line":21,"column":1}},"13":{"start":{"line":12,"column":12},"end":{"line":12,"column":14}},"14":{"start":{"line":13,"column":4},"end":{"line":14,"column":20}},"15":{"start":{"line":13,"column":21},"end":{"line":14,"column":20}},"16":{"start":{"line":14,"column":8},"end":{"line":14,"column":20}},"17":{"start":{"line":15,"column":4},"end":{"line":19,"column":9}},"18":{"start":{"line":16,"column":8},"end":{"line":19,"column":9}},"19":{"start":{"line":16,"column":21},"end":{"line":16,"column":22}},"20":{"start":{"line":16,"column":28},"end":{"line":16,"column":59}},"21":{"start":{"line":17,"column":12},"end":{"line":18,"column":34}},"22":{"start":{"line":18,"column":16},"end":{"line":18,"column":34}},"23":{"start":{"line":20,"column":4},"end":{"line":20,"column":13}},"24":{"start":{"line":22,"column":0},"end":{"line":22,"column":62}},"25":{"start":{"line":23,"column":15},"end":{"line":23,"column":32}},"26":{"start":{"line":24,"column":25},"end":{"line":24,"column":74}},"27":{"start":{"line":27,"column":8},"end":{"line":61,"column":11}},"28":{"start":{"line":27,"column":39},"end":{"line":61,"column":10}},"29":{"start":{"line":28,"column":12},"end":{"line":60,"column":13}},"30":{"start":{"line":29,"column":77},"end":{"line":29,"column":85}},"31":{"start":{"line":30,"column":32},"end":{"line":36,"column":17}},"32":{"start":{"line":38,"column":16},"end":{"line":40,"column":17}},"33":{"start":{"line":39,"column":20},"end":{"line":39,"column":59}},"34":{"start":{"line":41,"column":30},"end":{"line":41,"column":101}},"35":{"start":{"line":42,"column":30},"end":{"line":42,"column":65}},"36":{"start":{"line":43,"column":16},"end":{"line":48,"column":17}},"37":{"start":{"line":44,"column":20},"end":{"line":47,"column":23}},"38":{"start":{"line":49,"column":16},"end":{"line":56,"column":19}},"39":{"start":{"line":59,"column":16},"end":{"line":59,"column":47}},"40":{"start":{"line":62,"column":8},"end":{"line":81,"column":11}},"41":{"start":{"line":62,"column":42},"end":{"line":81,"column":10}},"42":{"start":{"line":63,"column":12},"end":{"line":80,"column":13}},"43":{"start":{"line":64,"column":31},"end":{"line":64,"column":41}},"44":{"start":{"line":65,"column":29},"end":{"line":65,"column":65}},"45":{"start":{"line":66,"column":16},"end":{"line":71,"column":17}},"46":{"start":{"line":67,"column":20},"end":{"line":70,"column":23}},"47":{"start":{"line":72,"column":16},"end":{"line":76,"column":19}},"48":{"start":{"line":79,"column":16},"end":{"line":79,"column":47}},"49":{"start":{"line":82,"column":8},"end":{"line":103,"column":11}},"50":{"start":{"line":82,"column":42},"end":{"line":103,"column":10}},"51":{"start":{"line":83,"column":12},"end":{"line":102,"column":13}},"52":{"start":{"line":84,"column":27},"end":{"line":84,"column":35}},"53":{"start":{"line":84,"column":52},"end":{"line":84,"column":54}},"54":{"start":{"line":84,"column":63},"end":{"line":84,"column":87}},"55":{"start":{"line":85,"column":37},"end":{"line":85,"column":68}},"56":{"start":{"line":86,"column":16},"end":{"line":86,"column":94}},"57":{"start":{"line":87,"column":29},"end":{"line":87,"column":71}},"58":{"start":{"line":88,"column":16},"end":{"line":93,"column":17}},"59":{"start":{"line":89,"column":20},"end":{"line":92,"column":23}},"60":{"start":{"line":94,"column":16},"end":{"line":98,"column":19}},"61":{"start":{"line":101,"column":16},"end":{"line":101,"column":47}},"62":{"start":{"line":104,"column":8},"end":{"line":128,"column":11}},"63":{"start":{"line":104,"column":42},"end":{"line":128,"column":10}},"64":{"start":{"line":105,"column":12},"end":{"line":127,"column":13}},"65":{"start":{"line":106,"column":27},"end":{"line":106,"column":35}},"66":{"start":{"line":106,"column":42},"end":{"line":106,"column":57}},"67":{"start":{"line":106,"column":74},"end":{"line":106,"column":76}},"68":{"start":{"line":106,"column":85},"end":{"line":106,"column":109}},"69":{"start":{"line":106,"column":128},"end":{"line":106,"column":130}},"70":{"start":{"line":107,"column":30},"end":{"line":107,"column":83}},"71":{"start":{"line":108,"column":16},"end":{"line":111,"column":17}},"72":{"start":{"line":109,"column":40},"end":{"line":109,"column":71}},"73":{"start":{"line":110,"column":20},"end":{"line":110,"column":107}},"74":{"start":{"line":112,"column":31},"end":{"line":112,"column":72}},"75":{"start":{"line":113,"column":16},"end":{"line":118,"column":17}},"76":{"start":{"line":114,"column":20},"end":{"line":117,"column":23}},"77":{"start":{"line":119,"column":16},"end":{"line":123,"column":19}},"78":{"start":{"line":126,"column":16},"end":{"line":126,"column":47}},"79":{"start":{"line":129,"column":8},"end":{"line":148,"column":11}},"80":{"start":{"line":129,"column":42},"end":{"line":148,"column":10}},"81":{"start":{"line":130,"column":12},"end":{"line":147,"column":13}},"82":{"start":{"line":131,"column":27},"end":{"line":131,"column":40}},"83":{"start":{"line":132,"column":31},"end":{"line":132,"column":67}},"84":{"start":{"line":133,"column":16},"end":{"line":138,"column":17}},"85":{"start":{"line":134,"column":20},"end":{"line":137,"column":23}},"86":{"start":{"line":139,"column":16},"end":{"line":143,"column":19}},"87":{"start":{"line":146,"column":16},"end":{"line":146,"column":47}},"88":{"start":{"line":149,"column":8},"end":{"line":149,"column":61}},"89":{"start":{"line":152,"column":8},"end":{"line":154,"column":9}},"90":{"start":{"line":153,"column":12},"end":{"line":153,"column":46}},"91":{"start":{"line":155,"column":8},"end":{"line":155,"column":61}},"92":{"start":{"line":156,"column":8},"end":{"line":156,"column":42}},"93":{"start":{"line":159,"column":0},"end":{"line":159,"column":50}}},"fnMap":{"0":{"name":"(anonymous_0)","decl":{"start":{"line":2,"column":44},"end":{"line":2,"column":45}},"loc":{"start":{"line":2,"column":89},"end":{"line":10,"column":1}},"line":2},"1":{"name":"adopt","decl":{"start":{"line":3,"column":13},"end":{"line":3,"column":18}},"loc":{"start":{"line":3,"column":26
[...]
umn":34}}},"fnMap":{"0":{"name":"(anonymous_0)","decl":{"start":{"line":10,"column":4},"end":{"line":10,"column":5}},"loc":{"start":{"line":10,"column":18},"end":{"line":12,"column":5}},"line":10},"1":{"name":"(anonymous_1)","decl":{"start":{"line":14,"column":4},"end":{"line":14,"column":5}},"loc":{"start":{"line":14,"column":30},"end":{"line":17,"column":5}},"line":14},"2":{"name":"(anonymous_2)","decl":{"start":{"line":19,"column":4},"end":{"line":19,"column":5}},"loc":{"start":{"line":19,"column":86},"end":{"line":21,"column":5}},"line":19},"3":{"name":"(anonymous_3)","decl":{"start":{"line":23,"column":4},"end":{"line":23,"column":5}},"loc":{"start":{"line":23,"column":43},"end":{"line":25,"column":5}},"line":23},"4":{"name":"(anonymous_4)","decl":{"start":{"line":27,"column":4},"end":{"line":27,"column":5}},"loc":{"start":{"line":27,"column":57},"end":{"line":32,"column":5}},"line":27},"5":{"name":"(anonymous_5)","decl":{"start":{"line":34,"column":4},"end":{"line":34,"column":5}},"loc":{"start":{"line":34,"column":54},"end":{"line":36,"column":5}},"line":34},"6":{"name":"(anonymous_6)","decl":{"start":{"line":38,"column":4},"end":{"line":38,"column":5}},"loc":{"start":{"line":38,"column":54},"end":{"line":40,"column":5}},"line":38},"7":{"name":"(anonymous_7)","decl":{"start":{"line":42,"column":4},"end":{"line":42,"column":5}},"loc":{"start":{"line":42,"column":32},"end":{"line":44,"column":5}},"line":42}},"branchMap":{"0":{"loc":{"start":{"line":29,"column":8},"end":{"line":31,"column":9}},"type":"if","locations":[{"start":{"line":29,"column":8},"end":{"line":31,"column":9}},{"start":{"line":29,"column":8},"end":{"line":31,"column":9}}],"line":29}},"s":{"0":0,"1":0,"2":0,"3":0,"4":0,"5":0,"6":0,"7":0,"8":0,"9":0,"10":0},"f":{"0":0,"1":0,"2":0,"3":0,"4":0,"5":0,"6":0,"7":0},"b":{"0":[0,0]},"all":true},"/home/mudit.rajput/AfterTraining/examination-server/src/repositories/user/UserSchema.ts":{"path":"/home/mudit.rajput/AfterTraining/examination-server/src/repositories/user/UserSchema.ts","statementMap":{"0":{"start":{"line":5,"column":27},"end":{"line":10,"column":10}},"1":{"start":{"line":11,"column":8},"end":{"line":11,"column":39}}},"fnMap":{"0":{"name":"(anonymous_0)","decl":{"start":{"line":4,"column":4},"end":{"line":4,"column":5}},"loc":{"start":{"line":4,"column":35},"end":{"line":12,"column":5}},"line":4}},"branchMap":{},"s":{"0":0,"1":0},"f":{"0":0},"b":{},"all":true},"/home/mudit.rajput/AfterTraining/examination-server/src/repositories/versionable/IVersionableDocument.ts":{"path":"/home/mudit.rajput/AfterTraining/examination-server/src/repositories/versionable/IVersionableDocument.ts","statementMap":{},"fnMap":{},"branchMap":{},"s":{},"f":{},"b":{},"all":true},"/home/mudit.rajput/AfterTraining/examination-server/src/repositories/versionable/VersionableRepository.ts":{"path":"/home/mudit.rajput/AfterTraining/examination-server/src/repositories/versionable/VersionableRepository.ts","statementMap":{"0":{"start":{"line":6,"column":8},"end":{"line":6,"column":49}},"1":{"start":{"line":12,"column":8},"end":{"line":12,"column":27}},"2":{"start":{"line":15,"column":19},"end":{"line":15,"column":59}},"3":{"start":{"line":16,"column":22},"end":{"line":20,"column":10}},"4":{"start":{"line":21,"column":8},"end":{"line":21,"column":34}},"5":{"start":{"line":24,"column":27},"end":{"line":24,"column":59}},"6":{"start":{"line":25,"column":8},"end":{"line":25,"column":59}},"7":{"start":{"line":28,"column":27},"end":{"line":28,"column":59}},"8":{"start":{"line":29,"column":8},"end":{"line":29,"column":46}},"9":{"start":{"line":32,"column":27},"end":{"line":32,"column":59}},"10":{"start":{"line":33,"column":8},"end":{"line":33,"column":64}},"11":{"start":{"line":36,"column":27},"end":{"line":36,"column":66}},"12":{"start":{"line":37,"column":26},"end":{"line":37,"column":51}},"13":{"start":{"line":38,"column":8},"end":{"line":38,"column":49}},"14":{"start":{"line":41,"column":25},"end":{"line":41,"column":97}},"15":{"start":{"line":42,"column":8},"end":{"line":44,"column":9}},"16":{"start":{"line":43,"column":12},"end":{"line":43,"column":29}},"17":{"start":{"line":45,"column":8},"end":{"line":45,"column":47}},"18":{"start":{"line":46,"column":24},"end":{"line":46,"column":94}},"19":{"start":{"line":47,"column":8},"end":{"line":47,"column":63}},"20":{"start":{"line":48,"column":8},"end":{"line":48,"column":33}},"21":{"start":{"line":49,"column":22},"end":{"line":49,"column":45}},"22":{"start":{"line":50,"column":8},"end":{"line":50,"column":34}}},"fnMap":{"0":{"name":"(anonymous_0)","decl":{"start":{"line":5,"column":4},"end":{"line":5,"column":5}},"loc":{"start":{"line":5,"column":37},"end":{"line":7,"column":5}},"line":5},"1":{"name":"(anonymous_1)","decl":{"start":{"line":11,"column":4},"end":{"line":11,"column":5}},"loc":{"start":{"line":11,"column":23},"end":{"line":13,"column":5}},"line":11},"2":{"name":"(anonymous_2)","decl":{"start":{"line":14,"column":4},"end":{"line":14,"column":5}},"loc":{"start":{"line":14,"column":47},"end":{"line":22,"column":5}},"line":14},"3":{"name":"(anonymous_3)","decl":{"start":{"line":23,"column":4},"end":{"line":23,"column":5}},"loc":{"start":{"line":23,"column":52},"end":{"line":26,"column":5}},"line":23},"4":{"name":"(anonymous_4)","decl":{"start":{"line":27,"column":4},"end":{"line":27,"column":5}},"loc":{"start":{"line":27,"column":52},"end":{"line":30,"column":5}},"line":27},"5":{"name":"(anonymous_5)","decl":{"start":{"line":31,"column":4},"end":{"line":31,"column":5}},"loc":{"start":{"line":31,"column":85},"end":{"line":34,"column":5}},"line":31},"6":{"name":"(anonymous_6)","decl":{"start":{"line":35,"column":4},"end":{"line":35,"column":5}},"loc":{"start":{"line":35,"column":55},"end":{"line":39,"column":5}},"line":35},"7":{"name":"(anonymous_7)","decl":{"start":{"line":40,"column":4},"end":{"line":40,"column":5}},"loc":{"start":{"line":40,"column":47},"end":{"line":51,"column":5}},"line":40}},"branchMap":{"0":{"loc":{"start":{"line":19,"column":24},"end":{"line":19,"column":45}},"type":"binary-expr","locations":[{"start":{"line":19,"column":24},"end":{"line":19,"column":39}},{"start":{"line":19,"column":43},"end":{"line":19,"column":45}}],"line":19},"1":{"loc":{"start":{"line":42,"column":8},"end":{"line":44,"column":9}},"type":"if","locations":[{"start":{"line":42,"column":8},"end":{"line":44,"column":9}},{"start":{"line":42,"column":8},"end":{"line":44,"column":9}}],"line":42}},"s":{"0":0,"1":0,"2":0,"3":0,"4":0,"5":0,"6":0,"7":0,"8":0,"9":0,"10":0,"11":0,"12":0,"13":0,"14":0,"15":0,"16":0,"17":0,"18":0,"19":0,"20":0,"21":0,"22":0},"f":{"0":0,"1":0,"2":0,"3":0,"4":0,"5":0,"6":0,"7":0},"b":{"0":[0,0],"1":[0,0]},"all":true},"/home/mudit.rajput/AfterTraining/examination-server/src/repositories/versionable/VersionableSchema.ts":{"path":"/home/mudit.rajput/AfterTraining/examination-server/src/repositories/versionable/VersionableSchema.ts","statementMap":{"0":{"start":{"line":5,"column":31},"end":{"line":22,"column":19}},"1":{"start":{"line":23,"column":8},"end":{"line":23,"column":43}}},"fnMap":{"0":{"name":"(anonymous_0)","decl":{"start":{"line":4,"column":4},"end":{"line":4,"column":5}},"loc":{"start":{"line":4,"column":48},"end":{"line":24,"column":5}},"line":4}},"branchMap":{},"s":{"0":0,"1":0},"f":{"0":0},"b":{},"all":true},"/home/mudit.rajput/AfterTraining/examination-server/src/router.ts":{"path":"/home/mudit.rajput/AfterTraining/examination-server/src/router.ts","statementMap":{"0":{"start":{"line":4,"column":19},"end":{"line":4,"column":27}},"1":{"start":{"line":5,"column":0},"end":{"line":5,"column":42}},"2":{"start":{"line":6,"column":0},"end":{"line":6,"column":36}},"3":{"start":{"line":7,"column":0},"end":{"line":7,"column":43}},"4":{"start":{"line":8,"column":0},"end":{"line":8,"column":44}},"5":{"start":{"line":9,"column":0},"end":{"line":9,"column":41}}},"fnMap":{},"branchMap":{},"s":{"0":0,"1":0,"2":0,"3":0,"4":0,"5":0},"f":{},"b":{},"all":true},"/home/mudit.rajput/AfterTraining/examination-server/src/Server.ts":{"path":"/home/mudit.rajput/AfterTraining/examination-server/src/Server.ts","statementMap":{"0":{"start":{"line":13,"column":8},"end":{"line":13,"column":29}},"1":{"start":{"line":17,"column":28},"end":{"line":20,"column":11}},"2":{"start":{"line":21,"column":8},"end":{"line":21,"column":40}},"3":{"start":{"line":25,"column":8},"end":{"line":25,"column":26}},"4":{"start":{"line":26,"column":8},"end":{"line":26,"column":30}},"5":{"start":{"line":27,"column":8},"end":{"line":27,"column":27}},"6":{"start":{"line":28,"column":8},"end":{"line":28,"column":24}},"7":{"start":{"line":32,"column":24},"end":{"line":32,"column":28}},"8":{"start":{"line":33,"column":8},"end":{"line":35,"column":11}},"9":{"start":{"line":34,"column":12},"end":{"line":34,"column":32}},"10":{"start":{"line":37,"column":8},"end":{"line":37,"column":80}},"11":{"start":{"line":39,"column":8},"end":{"line":39,"column":32}},"12":{"start":{"line":41,"column":8},"end":{"line":41,"column":31}},"13":{"start":{"line":43,"column":8},"end":{"line":43,"column":30}},"14":{"start":{"line":47,"column":8},"end":{"line":47,"column":40}},"15":{"start":{"line":51,"column":53},"end":{"line":51,"column":57}},"16":{"start":{"line":52,"column":8},"end":{"line":63,"column":15}},"17":{"start":{"line":54,"column":16},"end":{"line":59,"column":19}},"18":{"start":{"line":55,"column":20},"end":{"line":57,"column":21}},"19":{"start":{"line":56,"column":24},"end":{"line":56,"column":41}},"20":{"start":{"line":58,"column":20},"end":{"line":58,"column":66}},"21":{"start":{"line":62,"column":16},"end":{"line":62,"column":33}}},"fnMap":{"0":{"name":"(anonymous_0)","decl":{"start":{"line":12,"column":4},"end":{"line":12,"column":5}},"loc":{"start":{"line":12,"column":32},"end":{"line":14,"column":5}},"line":12},"1":{"name":"(anonymous_1)","decl":{"start":{"line":16,"column":4},"end":{"line":16,"column":5}},"loc":{"start":{"line":16,"column":24},"end":{"line":22,"column":5}},"line":16},"2":{"name":"(anonymous_2)","decl":{"start":{"line":24,"column":4},"end":{"line":24,"column":5}},"loc":{"start":{"line":24,"column":23},"end":{"line":29,"column":5}},"line":24},"3":{"name":"(anonymous_3)","decl":{"start":{"line":31,"column":4},"end":{"line":31,"column":5}},"loc":{"start":{"line":31,"column":25},"end":{"line":44,"column":5}},"line":31},"4":{"name":"(anonymous_4)","decl":{"start":{"line":33,"column":33},"end":{"line":33,"column":34}},"loc":{"start":{"line":33,"column":47},"end":{"line":35,"column":9}},"line":33},"5":{"name":"(anonymous_5)","decl":{"start":{"line":46,"column":4},"end":{"line":46,"column":5}},"loc":{"start":{"line":46,"column":28},"end":{"line":48,"column":5}},"line":46},"6":{"name":"(anonymous_6)","decl":{"start":{"line":50,"column":4},"end":{"line":50,"column":5}},"loc":{"start":{"line":50,"column":17},"end":{"line":64,"column":5}},"line":50},"7":{"name":"(anonymous_7)","decl":{"start":{"line":53,"column":18},"end":{"line":53,"column":19}},"loc":{"start":{"line":53,"column":27},"end":{"line":60,"column":13}},"line":53},"8":{"name":"(anonymous_8)","decl":{"start":{"line":54,"column":33},"end":{"line":54,"column":34}},"loc":{"start":{"line":54,"column":42},"end":{"line":59,"column":17}},"line":54},"9":{"name":"(anonymous_9)","decl":{"start":{"line":61,"column":19},"end":{"line":61,"column":20}},"loc":{"start":{"line":61,"column":28},"end":{"line":63,"column":13}},"line":61}},"branchMap":{"0":{"loc":{"start":{"line":55,"column":20},"end":{"line":57,"column":21}},"type":"if","locations":[{"start":{"line":55,"column":20},"end":{"line":57,"column":21}},{"start":{"line":55,"column":20},"end":{"line":57,"column":21}}],"line":55}},"s":{"0":0,"1":0,"2":0,"3":0,"4":0,"5":0,"6":0,"7":0,"8":0,"9":0,"10":0,"11":0,"12":0,"13":0,"14":0,"15":0,"16":0,"17":0,"18":0,"19":0,"20":0,"21":0},"f":{"0":0,"1":0,"2":0,"3":0,"4":0,"5":0,"6":0,"7":0,"8":0,"9":0},"b":{"0":[0,0]},"all":true},"/home/mudit.rajput/AfterTraining/examination-server/src/swagger.ts":{"path":"/home/mudit.rajput/AfterTraining/examination-server/src/swagger.ts","statementMap":{"0":{"start":{"line":3,"column":23},"end":{"line":26,"column":1}},"1":{"start":{"line":28,"column":31},"end":{"line":28,"column":58}}},"fnMap":{},"branchMap":{},"s":{"0":0,"1":0},"f":{},"b":{},"all":true},"/home/mudit.rajput/AfterTraining/examination-server/src/TestHelper.spec.ts":{"path":"/home/mudit.rajput/AfterTraining/examination-server/src/TestHelper.spec.ts","statementMap":{"0":{"start":{"line":11,"column":15},"end":{"line":11,"column":33}},"1":{"start":{"line":12,"column":12},"end":{"line":12,"column":30}},"2":{"start":{"line":13,"column":23},"end":{"line":13,"column":37}},"3":{"start":{"line":15,"column":0},"end":{"line":26,"column":3}},"4":{"start":{"line":16,"column":29},"end":{"line":16,"column":35}},"5":{"start":{"line":17,"column":2},"end":{"line":25,"column":13}},"6":{"start":{"line":19,"column":6},"end":{"line":23,"column":9}},"7":{"start":{"line":20,"column":8},"end":{"line":22,"column":9}},"8":{"start":{"line":21,"column":10},"end":{"line":21,"column":56}},"9":{"start":{"line":28,"column":0},"end":{"line":30,"column":3}},"10":{"start":{"line":29,"column":4},"end":{"line":29,"column":26}},"11":{"start":{"line":32,"column":0},"end":{"line":34,"column":3}},"12":{"start":{"line":33,"column":2},"end":{"line":33,"column":21}},"13":{"start":{"line":36,"column":0},"end":{"line":38,"column":3}},"14":{"start":{"line":37,"column":2},"end":{"line":37,"column":23}},"15":{"start":{"line":40,"column":0},"end":{"line":42,"column":3}},"16":{"start":{"line":41,"column":2},"end":{"line":41,"column":26}},"17":{"start":{"line":44,"column":0},"end":{"line":46,"column":3}},"18":{"start":{"line":45,"column":2},"end":{"line":45,"column":29}},"19":{"start":{"line":48,"column":0},"end":{"line":50,"column":3}},"20":{"start":{"line":49,"column":2},"end":{"line":49,"column":29}},"21":{"start":{"line":52,"column":0},"end":{"line":54,"column":3}},"22":{"start":{"line":53,"column":2},"end":{"line":53,"column":29}},"23":{"start":{"line":56,"column":0},"end":{"line":58,"column":3}},"24":{"start":{"line":57,"column":2},"end":{"line":57,"column":26}},"25":{"start":{"line":60,"column":0},"end":{"line":62,"column":3}},"26":{"start":{"line":61,"column":2},"end":{"line":61,"column":25}},"27":{"start":{"line":64,"column":0},"end":{"line":66,"column":3}},"28":{"start":{"line":65,"column":2},"end":{"line":65,"column":28}},"29":{"start":{"line":68,"column":0},"end":{"line":70,"column":3}},"30":{"start":{"line":69,"column":2},"end":{"line":69,"column":31}},"31":{"start":{"line":72,"column":0},"end":{"line":74,"column":3}},"32":{"start":{"line":73,"column":2},"end":{"line":73,"column":31}},"33":{"start":{"line":76,"column":0},"end":{"line":78,"column":3}},"34":{"start":{"line":77,"column":2},"end":{"line":77,"column":30}},"35":{"start":{"line":80,"column":0},"end":{"line":82,"column":3}},"36":{"start":{"line":81,"column":2},"end":{"line":81,"column":30}},"37":{"start":{"line":84,"column":0},"end":{"line":86,"column":3}},"38":{"start":{"line":85,"column":2},"end":{"line":85,"column":31}},"39":{"start":{"line":88,"column":0},"end":{"line":90,"column":3}},"40":{"start":{"line":89,"column":2},"end":{"line":89,"column":34}},"41":{"start":{"line":92,"column":0},"end":{"line":94,"column":3}},"42":{"start":{"line":93,"column":2},"end":{"line":93,"column":34}},"43":{"start":{"line":96,"column":0},"end":{"line":98,"column":3}},"44":{"start":{"line":97,"column":2},"end":{"line":97,"column":33}}},"fnMap":{"0":{"name":"(anonymous_0)","decl":{"start":{"line":15,"column":10},"end":{"line":15,"column":11}},"loc":{"start":{"line":15,"column":22},"end":{"line":26,"column":1}},"line":15},"1":{"name":"(anonymous_1)","decl":{"start":{"line":18,"column":10},"end":{"line":18,"column":11}},"loc":{"start":{"line":18,"column":19},"end":{"line":24,"column":5}},"line":18},"2":{"name":"(anonymous_2)","decl":{"start":{"line":19,"column":23},"end":{"line":19,"column":24}},"loc":{"start":{"line":19,"column":32},"end":{"line":23,"column":7}},"line":19},"3":{"name":"(anonymous_3)","decl":{"start":{"line":28,"column":9},"end":{"line":28,"column":10}},"loc":{"start":{"line":28,"column":21},"end":{"line":30,"column":1}},"line":28},"4":{"name":"(anonymous_4)","decl":{"start":{"line":32,"column":22},"end":{"line":32,"column":23}},"loc":{"start":{"line":32,"column":28},"end":{"line":34,"column":1}},"line":32},"5":{"name":"(anonymous_5)","decl":{"start":{"line":36,"column":24},"end":{"line":36,"column":25}},"loc":{"start":{"line":36,"column":30},"end":{"line":38,"column":1}},"line":36},"6":{"name":"(anonymous_6)","decl":{"start":{"line":40,"column":28},"end":{"line":40,"column":29}},"loc":{"start":{"line":40,"column":34},"end":{"line":42,"column":1}},"line":40},"7":{"name":"(anonymous_7)","decl":{"start":{"line":44,"column":29},"end":{"line":44,"column":30}},"loc":{"start":{"line":44,"column":35},"end":{"line":46,"column":1}},"line":44},"8":{"name":"(anonymous_8)","decl":{"start":{"line":48,"column":28},"end":{"line":48,"column":29}},"loc":{"start":{"line":48,"column":34},"end":{"line":50,"column":1}},"line":48},"9":{"name":"(anonymous_9)","decl":{"start":{"line":52,"column":31},"end":{"line":52,"column":32}},"loc":{"start":{"line":52,"column":37},"end":{"line":54,"column":1}},"line":52},"10":{"name":"(anonymous_10)","decl":{"start":{"line":56,"column":28},"end":{"line":56,"column":29}},"loc":{"start":{"line":56,"column":34},"end":{"line":58,"column":1}},"line":56},"11":{"name":"(anonymous_11)","decl":{"start":{"line":60,"column":27},"end":{"line":60,"column":28}},"loc":{"start":{"line":60,"column":33},"end":{"line":62,"column":1}},"line":60},"12":{"name":"(anonymous_12)","decl":{"start":{"line":64,"column":30},"end":{"line":64,"column":31}},"loc":{"start":{"line":64,"column":36},"end":{"line":66,"column":1}},"line":64},"13":{"name":"(anonymous_13)","decl":{"start":{"line":68,"column":31},"end":{"line":68,"column":32}},"loc":{"start":{"line":68,"column":37},"end":{"line":70,"column":1}},"line":68},"14":{"name":"(anonymous_14)","decl":{"start":{"line":72,"column":30},"end":{"line":72,"column":31}},"loc":{"start":{"line":72,"column":36},"end":{"line":74,"column":1}},"line":72},"15":{"name":"(anonymous_15)","decl":{"start":{"line":76,"column":33},"end":{"line":76,"column":34}},"loc":{"start":{"line":76,"column":39},"end":{"line":78,"column":1}},"line":76},"16":{"name":"(anonymous_16)","decl":{"start":{"line":80,"column":33},"end":{"line":80,"column":34}},"loc":{"start":{"line":80,"column":39},"end":{"line":82,"column":1}},"line":80},"17":{"name":"(anonymous_17)","decl":{"start":{"line":84,"column":33},"end":{"line":84,"column":34}},"loc":{"start":{"line":84,"column":39},"end":{"line":86,"column":1}},"line":84},"18":{"name":"(anonymous_18)","decl":{"start":{"line":88,"column":33},"end":{"line":88,"column":34}},"loc":{"start":{"line":88,"column":39},"end":{"line":90,"column":1}},"line":88},"19":{"name":"(anonymous_19)","decl":{"start":{"line":92,"column":32},"end":{"line":92,"column":33}},"loc":{"start":{"line":92,"column":38},"end":{"line":94,"column":1}},"line":92},"20":{"name":"(anonymous_20)","decl":{"start":{"line":96,"column":35},"end":{"line":96,"column":36}},"loc":{"start":{"line":96,"column":41},"end":{"line":98,"column":1}},"line":96}},"branchMap":{"0":{"loc":{"start":{"line":20,"column":8},"end":{"line":22,"column":9}},"type":"if","locations":[{"start":{"line":20,"column":8},"end":{"line":22,"column":9}},{"start":{"line":20,"column":8},"end":{"line":22,"column":9}}],"line":20}},"s":{"0":0,"1":0,"2":0,"3":0,"4":0,"5":0,"6":0,"7":0,"8":0,"9":0,"10":0,"11":0,"12":0,"13":0,"14":0,"15":0,"16":0,"17":0,"18":0,"19":0,"20":0,"21":0,"22":0,"23":0,"24":0,"25":0,"26":0,"27":0,"28":0,"29":0,"30":0,"31":0,"32":0,"33":0,"34":0,"35":0,"36":0,"37":0,"38":0,"39":0,"40":0,"41":0,"42":0,"43":0,"44":0},"f":{"0":0,"1":0,"2":0,"3":0,"4":0,"5":0,"6":0,"7":0,"8":0,"9":0,"10":0,"11":0,"12":0,"13":0,"14":0,"15":0,"16":0,"17":0,"18":0,"19":0,"20":0},"b":{"0":[0,0]},"all":true}}